{"numTotalTestSuites":114,"numPassedTestSuites":99,"numFailedTestSuites":15,"numPendingTestSuites":0,"numTotalTests":223,"numPassedTests":209,"numFailedTests":14,"numPendingTests":0,"numTodoTests":0,"snapshot":{"added":0,"failure":false,"filesAdded":0,"filesRemoved":0,"filesRemovedList":[],"filesUnmatched":0,"filesUpdated":0,"matched":0,"total":0,"unchecked":0,"uncheckedKeysByFile":[],"unmatched":0,"updated":0,"didUpdate":false},"startTime":1770985638264,"success":false,"testResults":[{"assertionResults":[{"ancestorTitles":["Background Script","Storage Initialization"],"fullName":"Background Script Storage Initialization should initialize storage on install","status":"failed","title":"should initialize storage on install","duration":92.0009,"failureMessages":["Error: This script should only be loaded in a browser extension.\n    at D:\\Code\\Working\\bilibili-block\\node_modules\\webextension-polyfill\\dist\\browser-polyfill.js:10:9\n    at D:\\Code\\Working\\bilibili-block\\node_modules\\webextension-polyfill\\dist\\browser-polyfill.js:5:5\n    at Object.<anonymous> (D:\\Code\\Working\\bilibili-block\\node_modules\\webextension-polyfill\\dist\\browser-polyfill.js:13:3)\n    at Module._compile (node:internal/modules/cjs/loader:1761:14)\n    at Object..js (node:internal/modules/cjs/loader:1893:10)\n    at Module.load (node:internal/modules/cjs/loader:1481:32)\n    at Module._load (node:internal/modules/cjs/loader:1300:12)\n    at TracingChannel.traceSync (node:diagnostics_channel:328:14)\n    at wrapModuleLoad (node:internal/modules/cjs/loader:245:24)\n    at loadCJSModuleWithModuleLoad (node:internal/modules/esm/translators:336:3)"],"meta":{}},{"ancestorTitles":["Background Script","Storage Initialization"],"fullName":"Background Script Storage Initialization should not reinitialize on update","status":"failed","title":"should not reinitialize on update","duration":4.2794999999996435,"failureMessages":["Error: This script should only be loaded in a browser extension.\n    at D:\\Code\\Working\\bilibili-block\\node_modules\\webextension-polyfill\\dist\\browser-polyfill.js:10:9\n    at D:\\Code\\Working\\bilibili-block\\node_modules\\webextension-polyfill\\dist\\browser-polyfill.js:5:5\n    at Object.<anonymous> (D:\\Code\\Working\\bilibili-block\\node_modules\\webextension-polyfill\\dist\\browser-polyfill.js:13:3)\n    at Module._compile (node:internal/modules/cjs/loader:1761:14)\n    at Object..js (node:internal/modules/cjs/loader:1893:10)\n    at Module.load (node:internal/modules/cjs/loader:1481:32)\n    at Module._load (node:internal/modules/cjs/loader:1300:12)\n    at TracingChannel.traceSync (node:diagnostics_channel:328:14)\n    at wrapModuleLoad (node:internal/modules/cjs/loader:245:24)\n    at loadCJSModuleWithModuleLoad (node:internal/modules/esm/translators:336:3)"],"meta":{}},{"ancestorTitles":["Background Script","Alarm Handling"],"fullName":"Background Script Alarm Handling should create daily reminder alarm","status":"failed","title":"should create daily reminder alarm","duration":4.722700000000259,"failureMessages":["Error: This script should only be loaded in a browser extension.\n    at D:\\Code\\Working\\bilibili-block\\node_modules\\webextension-polyfill\\dist\\browser-polyfill.js:10:9\n    at D:\\Code\\Working\\bilibili-block\\node_modules\\webextension-polyfill\\dist\\browser-polyfill.js:5:5\n    at Object.<anonymous> (D:\\Code\\Working\\bilibili-block\\node_modules\\webextension-polyfill\\dist\\browser-polyfill.js:13:3)\n    at Module._compile (node:internal/modules/cjs/loader:1761:14)\n    at Object..js (node:internal/modules/cjs/loader:1893:10)\n    at Module.load (node:internal/modules/cjs/loader:1481:32)\n    at Module._load (node:internal/modules/cjs/loader:1300:12)\n    at TracingChannel.traceSync (node:diagnostics_channel:328:14)\n    at wrapModuleLoad (node:internal/modules/cjs/loader:245:24)\n    at loadCJSModuleWithModuleLoad (node:internal/modules/esm/translators:336:3)"],"meta":{}},{"ancestorTitles":["Background Script","Alarm Handling"],"fullName":"Background Script Alarm Handling should show notification on alarm","status":"failed","title":"should show notification on alarm","duration":6.363599999999678,"failureMessages":["Error: This script should only be loaded in a browser extension.\n    at D:\\Code\\Working\\bilibili-block\\node_modules\\webextension-polyfill\\dist\\browser-polyfill.js:10:9\n    at D:\\Code\\Working\\bilibili-block\\node_modules\\webextension-polyfill\\dist\\browser-polyfill.js:5:5\n    at Object.<anonymous> (D:\\Code\\Working\\bilibili-block\\node_modules\\webextension-polyfill\\dist\\browser-polyfill.js:13:3)\n    at Module._compile (node:internal/modules/cjs/loader:1761:14)\n    at Object..js (node:internal/modules/cjs/loader:1893:10)\n    at Module.load (node:internal/modules/cjs/loader:1481:32)\n    at Module._load (node:internal/modules/cjs/loader:1300:12)\n    at TracingChannel.traceSync (node:diagnostics_channel:328:14)\n    at wrapModuleLoad (node:internal/modules/cjs/loader:245:24)\n    at loadCJSModuleWithModuleLoad (node:internal/modules/esm/translators:336:3)"],"meta":{}},{"ancestorTitles":["Background Script","Open Options Page"],"fullName":"Background Script Open Options Page should open options page in new tab","status":"failed","title":"should open options page in new tab","duration":4.309999999999491,"failureMessages":["Error: This script should only be loaded in a browser extension.\n    at D:\\Code\\Working\\bilibili-block\\node_modules\\webextension-polyfill\\dist\\browser-polyfill.js:10:9\n    at D:\\Code\\Working\\bilibili-block\\node_modules\\webextension-polyfill\\dist\\browser-polyfill.js:5:5\n    at Object.<anonymous> (D:\\Code\\Working\\bilibili-block\\node_modules\\webextension-polyfill\\dist\\browser-polyfill.js:13:3)\n    at Module._compile (node:internal/modules/cjs/loader:1761:14)\n    at Object..js (node:internal/modules/cjs/loader:1893:10)\n    at Module.load (node:internal/modules/cjs/loader:1481:32)\n    at Module._load (node:internal/modules/cjs/loader:1300:12)\n    at TracingChannel.traceSync (node:diagnostics_channel:328:14)\n    at wrapModuleLoad (node:internal/modules/cjs/loader:245:24)\n    at loadCJSModuleWithModuleLoad (node:internal/modules/esm/translators:336:3)"],"meta":{}},{"ancestorTitles":["Background Script","Open Options Page"],"fullName":"Background Script Open Options Page should handle error when opening options page","status":"failed","title":"should handle error when opening options page","duration":9.290899999999965,"failureMessages":["Error: This script should only be loaded in a browser extension.\n    at D:\\Code\\Working\\bilibili-block\\node_modules\\webextension-polyfill\\dist\\browser-polyfill.js:10:9\n    at D:\\Code\\Working\\bilibili-block\\node_modules\\webextension-polyfill\\dist\\browser-polyfill.js:5:5\n    at Object.<anonymous> (D:\\Code\\Working\\bilibili-block\\node_modules\\webextension-polyfill\\dist\\browser-polyfill.js:13:3)\n    at Module._compile (node:internal/modules/cjs/loader:1761:14)\n    at Object..js (node:internal/modules/cjs/loader:1893:10)\n    at Module.load (node:internal/modules/cjs/loader:1481:32)\n    at Module._load (node:internal/modules/cjs/loader:1300:12)\n    at TracingChannel.traceSync (node:diagnostics_channel:328:14)\n    at wrapModuleLoad (node:internal/modules/cjs/loader:245:24)\n    at loadCJSModuleWithModuleLoad (node:internal/modules/esm/translators:336:3)"],"meta":{}}],"startTime":1770985646032,"endTime":1770985646154.291,"status":"failed","message":"","name":"D:/Code/Working/bilibili-block/src/background/index.test.ts"},{"assertionResults":[{"ancestorTitles":["Content Script","Video Metadata Extraction"],"fullName":"Content Script Video Metadata Extraction should extract metadata from video page","status":"passed","title":"should extract metadata from video page","duration":338.9998000000005,"failureMessages":[],"meta":{}},{"ancestorTitles":["Content Script","Video Metadata Extraction"],"fullName":"Content Script Video Metadata Extraction should not extract metadata on non-video pages","status":"passed","title":"should not extract metadata on non-video pages","duration":116.20320000000083,"failureMessages":[],"meta":{}},{"ancestorTitles":["Content Script","Block Overlay"],"fullName":"Content Script Block Overlay should show block overlay when permission denied","status":"failed","title":"should show block overlay when permission denied","duration":180.3133999999991,"failureMessages":["AssertionError: expected '\\n      \\n        🔒 视频未审批\\n        T…' to contain '视频已拦截'\n    at D:\\Code\\Working\\bilibili-block\\src\\content\\index.test.ts:107:36\n    at file:///D:/Code/Working/bilibili-block/node_modules/@vitest/runner/dist/chunk-hooks.js:752:20"],"meta":{}},{"ancestorTitles":["Content Script","Block Overlay"],"fullName":"Content Script Block Overlay should not show overlay when permission granted","status":"passed","title":"should not show overlay when permission granted","duration":94.06940000000031,"failureMessages":[],"meta":{}},{"ancestorTitles":["Content Script","Add to Limbo"],"fullName":"Content Script Add to Limbo should send add-to-limbo message when button clicked","status":"failed","title":"should send add-to-limbo message when button clicked","duration":145.59119999999893,"failureMessages":["AssertionError: expected \"spy\" to be called with arguments: [ 'add-to-limbo', ObjectContaining{…} ]\u001b[90m\n\nReceived: \n\n\u001b[1m  1st spy call:\n\n\u001b[22m\u001b[2m  [\u001b[22m\n\u001b[32m-   \"add-to-limbo\",\u001b[90m\n\u001b[32m-   ObjectContaining {\u001b[90m\n\u001b[32m-     \"metadata\": ObjectContaining {\u001b[90m\n\u001b[31m+   \"check-permission\",\u001b[90m\n\u001b[31m+   {\u001b[90m\n\u001b[2m      \"bvid\": \"BV1xx411c7mD\",\u001b[22m\n\u001b[32m-       \"title\": \"Test Video\",\u001b[90m\n\u001b[32m-       \"uploader\": \"Uploader\",\u001b[90m\n\u001b[32m-     },\u001b[90m\n\u001b[32m-     \"sourceUrl\": \"https://www.bilibili.com/video/BV1xx411c7mD\",\u001b[90m\n\u001b[2m    },\u001b[22m\n\u001b[2m  ]\u001b[22m\n\u001b[39m\u001b[90m\n\nNumber of calls: \u001b[1m1\u001b[22m\n\u001b[39m\n    at Proxy.<anonymous> (file:///D:/Code/Working/bilibili-block/node_modules/@vitest/expect/dist/index.js:1355:10)\n    at Proxy.<anonymous> (file:///D:/Code/Working/bilibili-block/node_modules/@vitest/expect/dist/index.js:1029:14)\n    at Proxy.methodWrapper (file:///D:/Code/Working/bilibili-block/node_modules/chai/index.js:1686:25)\n    at D:\\Code\\Working\\bilibili-block\\src\\content\\index.test.ts:158:31\n    at file:///D:/Code/Working/bilibili-block/node_modules/@vitest/runner/dist/chunk-hooks.js:752:20"],"meta":{}},{"ancestorTitles":["Content Script","Open Manager"],"fullName":"Content Script Open Manager should send message to open manager","status":"failed","title":"should send message to open manager","duration":155.58560000000034,"failureMessages":["AssertionError: expected \"spy\" to be called with arguments: [ { action: 'openOptionsPage' }, …(1) ]\u001b[90m\n\nReceived: \n\n\u001b[1m  1st spy call:\n\n\u001b[22m\u001b[2m  [\u001b[22m\n\u001b[31m+   \"check-permission\",\u001b[90m\n\u001b[2m    {\u001b[22m\n\u001b[32m-     \"action\": \"openOptionsPage\",\u001b[90m\n\u001b[31m+     \"bvid\": \"BV1xx411c7mD\",\u001b[90m\n\u001b[2m    },\u001b[22m\n\u001b[32m-   Any<Function>,\u001b[90m\n\u001b[2m  ]\u001b[22m\n\u001b[39m\u001b[90m\n\nNumber of calls: \u001b[1m1\u001b[22m\n\u001b[39m\n    at Proxy.<anonymous> (file:///D:/Code/Working/bilibili-block/node_modules/@vitest/expect/dist/index.js:1355:10)\n    at Proxy.<anonymous> (file:///D:/Code/Working/bilibili-block/node_modules/@vitest/expect/dist/index.js:1029:14)\n    at Proxy.methodWrapper (file:///D:/Code/Working/bilibili-block/node_modules/chai/index.js:1686:25)\n    at D:\\Code\\Working\\bilibili-block\\src\\content\\index.test.ts:197:31\n    at file:///D:/Code/Working/bilibili-block/node_modules/@vitest/runner/dist/chunk-hooks.js:752:20"],"meta":{}}],"startTime":1770985646120,"endTime":1770985647151.5857,"status":"failed","message":"","name":"D:/Code/Working/bilibili-block/src/content/index.test.ts"},{"assertionResults":[{"ancestorTitles":["useFuseCode"],"fullName":"useFuseCode should generate initial fuse code","status":"passed","title":"should generate initial fuse code","duration":26.583299999998417,"failureMessages":[],"meta":{}},{"ancestorTitles":["useFuseCode"],"fullName":"useFuseCode should verify correct code","status":"passed","title":"should verify correct code","duration":4.582800000000134,"failureMessages":[],"meta":{}},{"ancestorTitles":["useFuseCode"],"fullName":"useFuseCode should reject incorrect code","status":"passed","title":"should reject incorrect code","duration":2.2268000000003667,"failureMessages":[],"meta":{}},{"ancestorTitles":["useFuseCode"],"fullName":"useFuseCode should verify code ignoring case and dashes","status":"passed","title":"should verify code ignoring case and dashes","duration":3.646999999999025,"failureMessages":[],"meta":{}},{"ancestorTitles":["useFuseCode"],"fullName":"useFuseCode should regenerate new code","status":"passed","title":"should regenerate new code","duration":4.656600000000253,"failureMessages":[],"meta":{}},{"ancestorTitles":["useFuseCode"],"fullName":"useFuseCode should generate code with specified length","status":"passed","title":"should generate code with specified length","duration":3.6556000000000495,"failureMessages":[],"meta":{}}],"startTime":1770985647767,"endTime":1770985647812.6555,"status":"passed","message":"","name":"D:/Code/Working/bilibili-block/src/hooks/useFuseCode.test.ts"},{"assertionResults":[{"ancestorTitles":["usePermission"],"fullName":"usePermission should not check permission when bvid is null","status":"passed","title":"should not check permission when bvid is null","duration":34.46879999999874,"failureMessages":[],"meta":{}},{"ancestorTitles":["usePermission"],"fullName":"usePermission should check permission when bvid is provided","status":"passed","title":"should check permission when bvid is provided","duration":68.27549999999974,"failureMessages":[],"meta":{}},{"ancestorTitles":["usePermission"],"fullName":"usePermission should handle permission denied","status":"passed","title":"should handle permission denied","duration":68.73929999999928,"failureMessages":[],"meta":{}},{"ancestorTitles":["usePermission"],"fullName":"usePermission should handle errors","status":"passed","title":"should handle errors","duration":76.115600000001,"failureMessages":[],"meta":{}},{"ancestorTitles":["usePermission"],"fullName":"usePermission should recheck when bvid changes","status":"passed","title":"should recheck when bvid changes","duration":156.7451000000001,"failureMessages":[],"meta":{}}],"startTime":1770985647006,"endTime":1770985647410.745,"status":"passed","message":"","name":"D:/Code/Working/bilibili-block/src/hooks/usePermission.test.ts"},{"assertionResults":[{"ancestorTitles":["useStorage"],"fullName":"useStorage should return default storage initially","status":"passed","title":"should return default storage initially","duration":30.468799999998737,"failureMessages":[],"meta":{}},{"ancestorTitles":["useStorage"],"fullName":"useStorage should load storage from chrome.storage.local","status":"passed","title":"should load storage from chrome.storage.local","duration":80.93810000000121,"failureMessages":[],"meta":{}},{"ancestorTitles":["useStorage"],"fullName":"useStorage should update when storage changes","status":"passed","title":"should update when storage changes","duration":78.70179999999891,"failureMessages":[],"meta":{}},{"ancestorTitles":["useStorage"],"fullName":"useStorage should not update for non-local storage changes","status":"passed","title":"should not update for non-local storage changes","duration":3.417300000000978,"failureMessages":[],"meta":{}}],"startTime":1770985647767,"endTime":1770985647960.4172,"status":"passed","message":"","name":"D:/Code/Working/bilibili-block/src/hooks/useStorage.test.ts"},{"assertionResults":[],"startTime":1770985638264,"endTime":1770985638264,"status":"failed","message":"createRoot(...): Target container is not a DOM element.","name":"D:/Code/Working/bilibili-block/src/popup/index.test.tsx"},{"assertionResults":[{"ancestorTitles":["Manager App"],"fullName":"Manager App should render header","status":"passed","title":"should render header","duration":68.95780000000013,"failureMessages":[],"meta":{}},{"ancestorTitles":["Manager App"],"fullName":"Manager App should render navigation tabs","status":"passed","title":"should render navigation tabs","duration":14.863900000000285,"failureMessages":[],"meta":{}},{"ancestorTitles":["Manager App"],"fullName":"Manager App should show empty limbo message","status":"passed","title":"should show empty limbo message","duration":6.665799999998853,"failureMessages":[],"meta":{}},{"ancestorTitles":["Manager App"],"fullName":"Manager App should switch tabs when clicked","status":"passed","title":"should switch tabs when clicked","duration":24.025900000000547,"failureMessages":[],"meta":{}},{"ancestorTitles":["Manager App"],"fullName":"Manager App should show limbo items when storage has data","status":"failed","title":"should show limbo items when storage has data","duration":43.99549999999908,"failureMessages":["TestingLibraryElementError: Unable to find an element with the text: 学习. This could be because the text is broken up by multiple elements. In this case, you can provide a function for your text matcher to make your matcher more flexible.\n\nIgnored nodes: comments, script, style\n\u001b[36m<body>\u001b[39m\n  \u001b[36m<div>\u001b[39m\n    \u001b[36m<div\u001b[39m\n      \u001b[33mclass\u001b[39m=\u001b[32m\"min-h-screen bg-gray-900 text-white p-6\"\u001b[39m\n    \u001b[36m>\u001b[39m\n      \u001b[36m<header\u001b[39m\n        \u001b[33mclass\u001b[39m=\u001b[32m\"mb-8\"\u001b[39m\n      \u001b[36m>\u001b[39m\n        \u001b[36m<h1\u001b[39m\n          \u001b[33mclass\u001b[39m=\u001b[32m\"text-3xl font-bold mb-2\"\u001b[39m\n        \u001b[36m>\u001b[39m\n          \u001b[0mBilibili Focus Mode\u001b[0m\n        \u001b[36m</h1>\u001b[39m\n        \u001b[36m<p\u001b[39m\n          \u001b[33mclass\u001b[39m=\u001b[32m\"text-gray-400\"\u001b[39m\n        \u001b[36m>\u001b[39m\n          \u001b[0m意图性娱乐时间管理工具\u001b[0m\n        \u001b[36m</p>\u001b[39m\n      \u001b[36m</header>\u001b[39m\n      \u001b[36m<nav\u001b[39m\n        \u001b[33mclass\u001b[39m=\u001b[32m\"flex gap-4 mb-6 border-b border-gray-700 pb-4\"\u001b[39m\n      \u001b[36m>\u001b[39m\n        \u001b[36m<button\u001b[39m\n          \u001b[33mclass\u001b[39m=\u001b[32m\"px-4 py-2 rounded-lg transition-colors bg-blue-600 text-white\"\u001b[39m\n        \u001b[36m>\u001b[39m\n          \u001b[0m待审池\u001b[0m\n          \u001b[36m<span\u001b[39m\n            \u001b[33mclass\u001b[39m=\u001b[32m\"ml-2 px-2 py-0.5 text-xs bg-gray-700 rounded-full\"\u001b[39m\n          \u001b[36m>\u001b[39m\n            \u001b[0m1\u001b[0m\n          \u001b[36m</span>\u001b[39m\n        \u001b[36m</button>\u001b[39m\n        \u001b[36m<button\u001b[39m\n          \u001b[33mclass\u001b[39m=\u001b[32m\"px-4 py-2 rounded-lg transition-colors bg-gray-800 text-gray-300 hover:bg-gray-700\"\u001b[39m\n        \u001b[36m>\u001b[39m\n          \u001b[0m冷静期\u001b[0m\n          \u001b[36m<span\u001b[39m\n            \u001b[33mclass\u001b[39m=\u001b[32m\"ml-2 px-2 py-0.5 text-xs bg-gray-700 rounded-full\"\u001b[39m\n          \u001b[36m>\u001b[39m\n            \u001b[0m0\u001b[0m\n          \u001b[36m</span>\u001b[39m\n        \u001b[36m</button>\u001b[39m\n        \u001b[36m<button\u001b[39m\n          \u001b[33mclass\u001b[39m=\u001b[32m\"px-4 py-2 rounded-lg transition-colors bg-gray-800 text-gray-300 hover:bg-gray-700\"\u001b[39m\n        \u001b[36m>\u001b[39m\n          \u001b[0m即时许可\u001b[0m\n          \u001b[36m<span\u001b[39m\n            \u001b[33mclass\u001b[39m=\u001b[32m\"ml-2 px-2 py-0.5 text-xs bg-gray-700 rounded-full\"\u001b[39m\n          \u001b[36m>\u001b[39m\n            \u001b[0m0\u001b[0m\n          \u001b[36m</span>\u001b[39m\n        \u001b[36m</button>\u001b[39m\n        \u001b[36m<button\u001b[39m\n          \u001b[33mclass\u001b[39m=\u001b[32m\"px-4 py-2 rounded-lg transition-colors bg-gray-800 text-gray-300 hover:bg-gray-700\"\u001b[39m\n        \u001b[36m>\u001b[39m\n          \u001b[0m永久分组\u001b[0m\n          \u001b[36m<span\u001b[39m\n            \u001b[33mclass\u001b[39m=\u001b[32m\"ml-2 px-2 py-0.5 text-xs bg-gray-700 rounded-full\"\u001b[39m\n          \u001b[36m>\u001b[39m\n            \u001b[0m0\u001b[0m\n          \u001b[36m</span>\u001b[39m\n        \u001b[36m</button>\u001b[39m\n        \u001b[36m<button\u001b[39m\n          \u001b[33mclass\u001b[39m=\u001b[32m\"px-4 py-2 rounded-lg transition-colors bg-gray-800 text-gray-300 hover:bg-gray-700\"\u001b[39m\n        \u001b[36m>\u001b[39m\n          \u001b[0m幽灵档案\u001b[0m\n          \u001b[36m<span\u001b[39m\n            \u001b[33mclass\u001b[39m=\u001b[32m\"ml-2 px-2 py-0.5 text-xs bg-gray-700 rounded-full\"\u001b[39m\n          \u001b[36m>\u001b[39m\n            \u001b[0m0\u001b[0m\n          \u001b[36m</span>\u001b[39m\n        \u001b[36m</button>\u001b[39m\n        \u001b[36m<button\u001b[39m\n          \u001b[33mclass\u001b[39m=\u001b[32m\"px-4 py-2 rounded-lg transition-colors bg-gray-800 text-gray-300 hover:bg-gray-700\"\u001b[39m\n        \u001b[36m>\u001b[39m\n          \u001b[0m债务\u001b[0m\n        \u001b[36m</button>\u001b[39m\n      \u001b[36m</nav>\u001b[39m\n      \u001b[36m<main>\u001b[39m\n        \u001b[36m<div>\u001b[39m\n          \u001b[36m<div\u001b[39m\n            \u001b[33mclass\u001b[39m=\u001b[32m\"mb-4 p-3 rounded-lg bg-green-900/50 border border-green-600\"\u001b[39m\n          \u001b[36m>\u001b[39m\n            \u001b[36m<div\u001b[39m\n              \u001b[33mclass\u001b[39m=\u001b[32m\"flex items-center justify-between\"\u001b[39m\n            \u001b[36m>\u001b[39m\n              \u001b[36m<div\u001b[39m\n                \u001b[33mclass\u001b[39m=\u001b[32m\"flex items-center gap-2\"\u001b[39m\n              \u001b[36m>\u001b[39m\n                \u001b[36m<span\u001b[39m\n                  \u001b[33mclass\u001b[39m=\u001b[32m\"text-lg\"\u001b[39m\n                \u001b[36m>\u001b[39m\n                  \u001b[0m✅\u001b[0m\n                \u001b[36m</span>\u001b[39m\n                \u001b[36m<span\u001b[39m\n                  \u001b[33mclass\u001b[39m=\u001b[32m\"text-green-400 font-medium\"\u001b[39m\n                \u001b[36m>\u001b[39m\n                  \u001b[0m当前是审批时间 (20:00 - 21:00)\u001b[0m\n                \u001b[36m</span>\u001b[39m\n              \u001b[36m</div>\u001b[39m\n            \u001b[36m</div>\u001b[39m\n          \u001b[36m</div>\u001b[39m\n          \u001b[36m<div\u001b[39m\n            \u001b[33mclass\u001b[39m=\u001b[32m\"flex justify-between items-center mb-4\"\u001b[39m\n          \u001b[36m>\u001b[39m\n            \u001b[36m<h2\u001b[39m\n              \u001b[33mclass\u001b[39m=\u001b[32m\"text-xl font-semibold\"\u001b[39m\n            \u001b[36m>\u001b[39m\n              \u001b[0m待审池 (\u001b[0m\n              \u001b[0m1\u001b[0m\n              \u001b[0m)\u001b[0m\n            \u001b[36m</h2>\u001b[39m\n            \u001b[36m<button\u001b[39m\n              \u001b[33mclass\u001b[39m=\u001b[32m\"px-3 py-1 bg-red-600 rounded text-sm hover:bg-red-700\"\u001b[39m\n            \u001b[36m>\u001b[39m\n              \u001b[0m清空待审池\u001b[0m\n            \u001b[36m</button>\u001b[39m\n          \u001b[36m</div>\u001b[39m\n          \u001b[36m<div\u001b[39m\n            \u001b[33mclass\u001b[39m=\u001b[32m\"grid gap-4\"\u001b[39m\n          \u001b[36m>\u001b[39m\n            \u001b[36m<div\u001b[39m\n              \u001b[33mclass\u001b[39m=\u001b[32m\"bg-gray-800 p-4 rounded-lg \"\u001b[39m\n            \u001b[36m>\u001b[39m\n              \u001b[36m<div\u001b[39m\n                \u001b[33mclass\u001b[39m=\u001b[32m\"flex gap-4 items-start\"\u001b[39m\n              \u001b[36m>\u001b[39m\n                \u001b[36m<input\u001b[39m\n                  \u001b[33mclass\u001b[39m=\u001b[32m\"w-5 h-5 mt-2 rounded border-gray-600 text-blue-600 focus:ring-blue-500\"\u001b[39m\n                  \u001b[33mtype\u001b[39m=\u001b[32m\"checkbox\"\u001b[39m\n                \u001b[36m/>\u001b[39m\n                \u001b[36m<img\u001b[39m\n                  \u001b[33malt\u001b[39m=\u001b[32m\"Test Video\"\u001b[39m\n                  \u001b[33mclass\u001b[39m=\u001b[32m\"w-32 h-20 object-cover rounded\"\u001b[39m\n                  \u001b[33mcrossorigin\u001b[39m=\u001b[32m\"anonymous\"\u001b[39m\n                  \u001b[33msrc\u001b[39m=\u001b[32m\"https://example.com/cover.jpg\"\u001b[39m\n                \u001b[36m/>\u001b[39m\n                \u001b[36m<div\u001b[39m\n                  \u001b[33mclass\u001b[39m=\u001b[32m\"flex-1\"\u001b[39m\n                \u001b[36m>\u001b[39m\n                  \u001b[36m<h3\u001b[39m\n                    \u001b[33mclass\u001b[39m=\u001b[32m\"font-medium mb-1\"\u001b[39m\n                  \u001b[36m>\u001b[39m\n                    \u001b[0mTest Video\u001b[0m\n                  \u001b[36m</h3>\u001b[39m\n                  \u001b[36m<p\u001b[39m\n                    \u001b[33mclass\u001b[39m=\u001b[32m\"text-sm text-gray-400 mb-2\"\u001b[39m\n                  \u001b[36m>\u001b[39m\n                    \u001b[0mTest Uploader\u001b[0m\n                  \u001b[36m</p>\u001b[39m\n                  \u001b[36m<div\u001b[39m\n                    \u001b[33mclass\u001b[39m=\u001b[32m\"flex gap-2 flex-wrap\"\u001b[39m\n                  \u001b[36m>\u001b[39m\n                    \u001b[36m<span\u001b[39m\n                      \u001b[33mclass\u001b[39m=\u001b[32m\"px-2 py-1 rounded text-xs bg-yellow-600\"\u001b[39m\n                    \u001b[36m>\u001b[39m\n                      \u001b[0m🎮 娱乐\u001b[0m\n                    \u001b[36m</span>\u001b[39m\n                    \u001b[36m<button\u001b[39m\n                      \u001b[33mclass\u001b[39m=\u001b[32m\"px-3 py-1 rounded text-sm bg-purple-600 hover:bg-purple-700\"\u001b[39m\n                      \u001b[33mtitle\u001b[39m=\u001b[32m\"\"\u001b[39m\n                    \u001b[36m>\u001b[39m\n                      \u001b[0m永久\u001b[0m\n                    \u001b[36m</button>\u001b[39m\n                    \u001b[36m<button\u001b[39m\n                      \u001b[33mclass\u001b[39m=\u001b[32m\"px-3 py-1 rounded text-sm bg-blue-600 hover:bg-blue-700\"\u001b[39m\n                      \u001b[33mtitle\u001b[39m=\u001b[32m\"\"\u001b[39m\n                    \u001b[36m>\u001b[39m\n                      \u001b[0m冷静期\u001b[0m\n                    \u001b[36m</button>\u001b[39m\n                    \u001b[36m<button\u001b[39m\n                      \u001b[33mclass\u001b[39m=\u001b[32m\"px-3 py-1 rounded text-sm bg-orange-600 hover:bg-orange-700\"\u001b[39m\n                      \u001b[33mtitle\u001b[39m=\u001b[32m\"\"\u001b[39m\n                    \u001b[36m>\u001b[39m\n                      \u001b[0m立即\u001b[0m\n                    \u001b[36m</button>\u001b[39m\n                    \u001b[36m<button\u001b[39m\n                      \u001b[33mclass\u001b[39m=\u001b[32m\"px-3 py-1 bg-red-600 rounded text-sm hover:bg-red-700\"\u001b[39m\n                    \u001b[36m>\u001b[39m\n                      \u001b[0m删除\u001b[0m\n                    \u001b[36m</button>\u001b[39m\n                  \u001b[36m</div>\u001b[39m\n                \u001b[36m</div>\u001b[39m\n              \u001b[36m</div>\u001b[39m\n            \u001b[36m</div>\u001b[39m\n          \u001b[36m</div>\u001b[39m\n        \u001b[36m</div>\u001b[39m\n      \u001b[36m</main>\u001b[39m\n    \u001b[36m</div>\u001b[39m\n  \u001b[36m</div>\u001b[39m\n\u001b[36m</body>\u001b[39m\n    at Object.getElementError (D:\\Code\\Working\\bilibili-block\\node_modules\\@testing-library\\dom\\dist\\config.js:37:19)\n    at D:\\Code\\Working\\bilibili-block\\node_modules\\@testing-library\\dom\\dist\\query-helpers.js:76:38\n    at D:\\Code\\Working\\bilibili-block\\node_modules\\@testing-library\\dom\\dist\\query-helpers.js:109:15\n    at D:\\Code\\Working\\bilibili-block\\src\\manager\\App.test.tsx:90:19\n    at file:///D:/Code/Working/bilibili-block/node_modules/@vitest/runner/dist/chunk-hooks.js:155:11\n    at file:///D:/Code/Working/bilibili-block/node_modules/@vitest/runner/dist/chunk-hooks.js:752:26\n    at file:///D:/Code/Working/bilibili-block/node_modules/@vitest/runner/dist/chunk-hooks.js:1897:20\n    at new Promise (<anonymous>)\n    at runWithTimeout (file:///D:/Code/Working/bilibili-block/node_modules/@vitest/runner/dist/chunk-hooks.js:1863:10)\n    at runTest (file:///D:/Code/Working/bilibili-block/node_modules/@vitest/runner/dist/chunk-hooks.js:1574:12)"],"meta":{}},{"ancestorTitles":["Manager App"],"fullName":"Manager App should show clear button when limbo has items","status":"passed","title":"should show clear button when limbo has items","duration":14.8757999999998,"failureMessages":[],"meta":{}},{"ancestorTitles":["Manager App"],"fullName":"Manager App should show debt dashboard","status":"passed","title":"should show debt dashboard","duration":9.05370000000039,"failureMessages":[],"meta":{}},{"ancestorTitles":["Manager App"],"fullName":"Manager App should show bankruptcy warning","status":"passed","title":"should show bankruptcy warning","duration":9.93080000000009,"failureMessages":[],"meta":{}},{"ancestorTitles":["Manager App","Limbo Review Actions"],"fullName":"Manager App Limbo Review Actions should add to permanent group when clicking 学习","status":"failed","title":"should add to permanent group when clicking 学习","duration":10.767499999999927,"failureMessages":["TestingLibraryElementError: Unable to find an element with the text: 学习. This could be because the text is broken up by multiple elements. In this case, you can provide a function for your text matcher to make your matcher more flexible.\n\nIgnored nodes: comments, script, style\n\u001b[36m<body>\u001b[39m\n  \u001b[36m<div>\u001b[39m\n    \u001b[36m<div\u001b[39m\n      \u001b[33mclass\u001b[39m=\u001b[32m\"min-h-screen bg-gray-900 text-white p-6\"\u001b[39m\n    \u001b[36m>\u001b[39m\n      \u001b[36m<header\u001b[39m\n        \u001b[33mclass\u001b[39m=\u001b[32m\"mb-8\"\u001b[39m\n      \u001b[36m>\u001b[39m\n        \u001b[36m<h1\u001b[39m\n          \u001b[33mclass\u001b[39m=\u001b[32m\"text-3xl font-bold mb-2\"\u001b[39m\n        \u001b[36m>\u001b[39m\n          \u001b[0mBilibili Focus Mode\u001b[0m\n        \u001b[36m</h1>\u001b[39m\n        \u001b[36m<p\u001b[39m\n          \u001b[33mclass\u001b[39m=\u001b[32m\"text-gray-400\"\u001b[39m\n        \u001b[36m>\u001b[39m\n          \u001b[0m意图性娱乐时间管理工具\u001b[0m\n        \u001b[36m</p>\u001b[39m\n      \u001b[36m</header>\u001b[39m\n      \u001b[36m<nav\u001b[39m\n        \u001b[33mclass\u001b[39m=\u001b[32m\"flex gap-4 mb-6 border-b border-gray-700 pb-4\"\u001b[39m\n      \u001b[36m>\u001b[39m\n        \u001b[36m<button\u001b[39m\n          \u001b[33mclass\u001b[39m=\u001b[32m\"px-4 py-2 rounded-lg transition-colors bg-blue-600 text-white\"\u001b[39m\n        \u001b[36m>\u001b[39m\n          \u001b[0m待审池\u001b[0m\n          \u001b[36m<span\u001b[39m\n            \u001b[33mclass\u001b[39m=\u001b[32m\"ml-2 px-2 py-0.5 text-xs bg-gray-700 rounded-full\"\u001b[39m\n          \u001b[36m>\u001b[39m\n            \u001b[0m1\u001b[0m\n          \u001b[36m</span>\u001b[39m\n        \u001b[36m</button>\u001b[39m\n        \u001b[36m<button\u001b[39m\n          \u001b[33mclass\u001b[39m=\u001b[32m\"px-4 py-2 rounded-lg transition-colors bg-gray-800 text-gray-300 hover:bg-gray-700\"\u001b[39m\n        \u001b[36m>\u001b[39m\n          \u001b[0m冷静期\u001b[0m\n          \u001b[36m<span\u001b[39m\n            \u001b[33mclass\u001b[39m=\u001b[32m\"ml-2 px-2 py-0.5 text-xs bg-gray-700 rounded-full\"\u001b[39m\n          \u001b[36m>\u001b[39m\n            \u001b[0m0\u001b[0m\n          \u001b[36m</span>\u001b[39m\n        \u001b[36m</button>\u001b[39m\n        \u001b[36m<button\u001b[39m\n          \u001b[33mclass\u001b[39m=\u001b[32m\"px-4 py-2 rounded-lg transition-colors bg-gray-800 text-gray-300 hover:bg-gray-700\"\u001b[39m\n        \u001b[36m>\u001b[39m\n          \u001b[0m即时许可\u001b[0m\n          \u001b[36m<span\u001b[39m\n            \u001b[33mclass\u001b[39m=\u001b[32m\"ml-2 px-2 py-0.5 text-xs bg-gray-700 rounded-full\"\u001b[39m\n          \u001b[36m>\u001b[39m\n            \u001b[0m0\u001b[0m\n          \u001b[36m</span>\u001b[39m\n        \u001b[36m</button>\u001b[39m\n        \u001b[36m<button\u001b[39m\n          \u001b[33mclass\u001b[39m=\u001b[32m\"px-4 py-2 rounded-lg transition-colors bg-gray-800 text-gray-300 hover:bg-gray-700\"\u001b[39m\n        \u001b[36m>\u001b[39m\n          \u001b[0m永久分组\u001b[0m\n          \u001b[36m<span\u001b[39m\n            \u001b[33mclass\u001b[39m=\u001b[32m\"ml-2 px-2 py-0.5 text-xs bg-gray-700 rounded-full\"\u001b[39m\n          \u001b[36m>\u001b[39m\n            \u001b[0m0\u001b[0m\n          \u001b[36m</span>\u001b[39m\n        \u001b[36m</button>\u001b[39m\n        \u001b[36m<button\u001b[39m\n          \u001b[33mclass\u001b[39m=\u001b[32m\"px-4 py-2 rounded-lg transition-colors bg-gray-800 text-gray-300 hover:bg-gray-700\"\u001b[39m\n        \u001b[36m>\u001b[39m\n          \u001b[0m幽灵档案\u001b[0m\n          \u001b[36m<span\u001b[39m\n            \u001b[33mclass\u001b[39m=\u001b[32m\"ml-2 px-2 py-0.5 text-xs bg-gray-700 rounded-full\"\u001b[39m\n          \u001b[36m>\u001b[39m\n            \u001b[0m0\u001b[0m\n          \u001b[36m</span>\u001b[39m\n        \u001b[36m</button>\u001b[39m\n        \u001b[36m<button\u001b[39m\n          \u001b[33mclass\u001b[39m=\u001b[32m\"px-4 py-2 rounded-lg transition-colors bg-gray-800 text-gray-300 hover:bg-gray-700\"\u001b[39m\n        \u001b[36m>\u001b[39m\n          \u001b[0m债务\u001b[0m\n        \u001b[36m</button>\u001b[39m\n      \u001b[36m</nav>\u001b[39m\n      \u001b[36m<main>\u001b[39m\n        \u001b[36m<div>\u001b[39m\n          \u001b[36m<div\u001b[39m\n            \u001b[33mclass\u001b[39m=\u001b[32m\"mb-4 p-3 rounded-lg bg-green-900/50 border border-green-600\"\u001b[39m\n          \u001b[36m>\u001b[39m\n            \u001b[36m<div\u001b[39m\n              \u001b[33mclass\u001b[39m=\u001b[32m\"flex items-center justify-between\"\u001b[39m\n            \u001b[36m>\u001b[39m\n              \u001b[36m<div\u001b[39m\n                \u001b[33mclass\u001b[39m=\u001b[32m\"flex items-center gap-2\"\u001b[39m\n              \u001b[36m>\u001b[39m\n                \u001b[36m<span\u001b[39m\n                  \u001b[33mclass\u001b[39m=\u001b[32m\"text-lg\"\u001b[39m\n                \u001b[36m>\u001b[39m\n                  \u001b[0m✅\u001b[0m\n                \u001b[36m</span>\u001b[39m\n                \u001b[36m<span\u001b[39m\n                  \u001b[33mclass\u001b[39m=\u001b[32m\"text-green-400 font-medium\"\u001b[39m\n                \u001b[36m>\u001b[39m\n                  \u001b[0m当前是审批时间 (20:00 - 21:00)\u001b[0m\n                \u001b[36m</span>\u001b[39m\n              \u001b[36m</div>\u001b[39m\n            \u001b[36m</div>\u001b[39m\n          \u001b[36m</div>\u001b[39m\n          \u001b[36m<div\u001b[39m\n            \u001b[33mclass\u001b[39m=\u001b[32m\"flex justify-between items-center mb-4\"\u001b[39m\n          \u001b[36m>\u001b[39m\n            \u001b[36m<h2\u001b[39m\n              \u001b[33mclass\u001b[39m=\u001b[32m\"text-xl font-semibold\"\u001b[39m\n            \u001b[36m>\u001b[39m\n              \u001b[0m待审池 (\u001b[0m\n              \u001b[0m1\u001b[0m\n              \u001b[0m)\u001b[0m\n            \u001b[36m</h2>\u001b[39m\n            \u001b[36m<button\u001b[39m\n              \u001b[33mclass\u001b[39m=\u001b[32m\"px-3 py-1 bg-red-600 rounded text-sm hover:bg-red-700\"\u001b[39m\n            \u001b[36m>\u001b[39m\n              \u001b[0m清空待审池\u001b[0m\n            \u001b[36m</button>\u001b[39m\n          \u001b[36m</div>\u001b[39m\n          \u001b[36m<div\u001b[39m\n            \u001b[33mclass\u001b[39m=\u001b[32m\"grid gap-4\"\u001b[39m\n          \u001b[36m>\u001b[39m\n            \u001b[36m<div\u001b[39m\n              \u001b[33mclass\u001b[39m=\u001b[32m\"bg-gray-800 p-4 rounded-lg \"\u001b[39m\n            \u001b[36m>\u001b[39m\n              \u001b[36m<div\u001b[39m\n                \u001b[33mclass\u001b[39m=\u001b[32m\"flex gap-4 items-start\"\u001b[39m\n              \u001b[36m>\u001b[39m\n                \u001b[36m<input\u001b[39m\n                  \u001b[33mclass\u001b[39m=\u001b[32m\"w-5 h-5 mt-2 rounded border-gray-600 text-blue-600 focus:ring-blue-500\"\u001b[39m\n                  \u001b[33mtype\u001b[39m=\u001b[32m\"checkbox\"\u001b[39m\n                \u001b[36m/>\u001b[39m\n                \u001b[36m<img\u001b[39m\n                  \u001b[33malt\u001b[39m=\u001b[32m\"Test Video\"\u001b[39m\n                  \u001b[33mclass\u001b[39m=\u001b[32m\"w-32 h-20 object-cover rounded\"\u001b[39m\n                  \u001b[33mcrossorigin\u001b[39m=\u001b[32m\"anonymous\"\u001b[39m\n                  \u001b[33msrc\u001b[39m=\u001b[32m\"https://example.com/cover.jpg\"\u001b[39m\n                \u001b[36m/>\u001b[39m\n                \u001b[36m<div\u001b[39m\n                  \u001b[33mclass\u001b[39m=\u001b[32m\"flex-1\"\u001b[39m\n                \u001b[36m>\u001b[39m\n                  \u001b[36m<h3\u001b[39m\n                    \u001b[33mclass\u001b[39m=\u001b[32m\"font-medium mb-1\"\u001b[39m\n                  \u001b[36m>\u001b[39m\n                    \u001b[0mTest Video\u001b[0m\n                  \u001b[36m</h3>\u001b[39m\n                  \u001b[36m<p\u001b[39m\n                    \u001b[33mclass\u001b[39m=\u001b[32m\"text-sm text-gray-400 mb-2\"\u001b[39m\n                  \u001b[36m>\u001b[39m\n                    \u001b[0mTest Uploader\u001b[0m\n                  \u001b[36m</p>\u001b[39m\n                  \u001b[36m<div\u001b[39m\n                    \u001b[33mclass\u001b[39m=\u001b[32m\"flex gap-2 flex-wrap\"\u001b[39m\n                  \u001b[36m>\u001b[39m\n                    \u001b[36m<span\u001b[39m\n                      \u001b[33mclass\u001b[39m=\u001b[32m\"px-2 py-1 rounded text-xs bg-yellow-600\"\u001b[39m\n                    \u001b[36m>\u001b[39m\n                      \u001b[0m🎮 娱乐\u001b[0m\n                    \u001b[36m</span>\u001b[39m\n                    \u001b[36m<button\u001b[39m\n                      \u001b[33mclass\u001b[39m=\u001b[32m\"px-3 py-1 rounded text-sm bg-purple-600 hover:bg-purple-700\"\u001b[39m\n                      \u001b[33mtitle\u001b[39m=\u001b[32m\"\"\u001b[39m\n                    \u001b[36m>\u001b[39m\n                      \u001b[0m永久\u001b[0m\n                    \u001b[36m</button>\u001b[39m\n                    \u001b[36m<button\u001b[39m\n                      \u001b[33mclass\u001b[39m=\u001b[32m\"px-3 py-1 rounded text-sm bg-blue-600 hover:bg-blue-700\"\u001b[39m\n                      \u001b[33mtitle\u001b[39m=\u001b[32m\"\"\u001b[39m\n                    \u001b[36m>\u001b[39m\n                      \u001b[0m冷静期\u001b[0m\n                    \u001b[36m</button>\u001b[39m\n                    \u001b[36m<button\u001b[39m\n                      \u001b[33mclass\u001b[39m=\u001b[32m\"px-3 py-1 rounded text-sm bg-orange-600 hover:bg-orange-700\"\u001b[39m\n                      \u001b[33mtitle\u001b[39m=\u001b[32m\"\"\u001b[39m\n                    \u001b[36m>\u001b[39m\n                      \u001b[0m立即\u001b[0m\n                    \u001b[36m</button>\u001b[39m\n                    \u001b[36m<button\u001b[39m\n                      \u001b[33mclass\u001b[39m=\u001b[32m\"px-3 py-1 bg-red-600 rounded text-sm hover:bg-red-700\"\u001b[39m\n                    \u001b[36m>\u001b[39m\n                      \u001b[0m删除\u001b[0m\n                    \u001b[36m</button>\u001b[39m\n                  \u001b[36m</div>\u001b[39m\n                \u001b[36m</div>\u001b[39m\n              \u001b[36m</div>\u001b[39m\n            \u001b[36m</div>\u001b[39m\n          \u001b[36m</div>\u001b[39m\n        \u001b[36m</div>\u001b[39m\n      \u001b[36m</main>\u001b[39m\n    \u001b[36m</div>\u001b[39m\n  \u001b[36m</div>\u001b[39m\n\u001b[36m</body>\u001b[39m\n    at Object.getElementError (D:\\Code\\Working\\bilibili-block\\node_modules\\@testing-library\\dom\\dist\\config.js:37:19)\n    at D:\\Code\\Working\\bilibili-block\\node_modules\\@testing-library\\dom\\dist\\query-helpers.js:76:38\n    at D:\\Code\\Working\\bilibili-block\\node_modules\\@testing-library\\dom\\dist\\query-helpers.js:109:15\n    at D:\\Code\\Working\\bilibili-block\\src\\manager\\App.test.tsx:168:38\n    at file:///D:/Code/Working/bilibili-block/node_modules/@vitest/runner/dist/chunk-hooks.js:155:11\n    at file:///D:/Code/Working/bilibili-block/node_modules/@vitest/runner/dist/chunk-hooks.js:752:26\n    at file:///D:/Code/Working/bilibili-block/node_modules/@vitest/runner/dist/chunk-hooks.js:1897:20\n    at new Promise (<anonymous>)\n    at runWithTimeout (file:///D:/Code/Working/bilibili-block/node_modules/@vitest/runner/dist/chunk-hooks.js:1863:10)\n    at runTest (file:///D:/Code/Working/bilibili-block/node_modules/@vitest/runner/dist/chunk-hooks.js:1574:12)"],"meta":{}},{"ancestorTitles":["Manager App","Limbo Review Actions"],"fullName":"Manager App Limbo Review Actions should add to permanent group when clicking 娱乐","status":"failed","title":"should add to permanent group when clicking 娱乐","duration":9.131999999999607,"failureMessages":["TestingLibraryElementError: Unable to find an element with the text: 娱乐. This could be because the text is broken up by multiple elements. In this case, you can provide a function for your text matcher to make your matcher more flexible.\n\nIgnored nodes: comments, script, style\n\u001b[36m<body>\u001b[39m\n  \u001b[36m<div>\u001b[39m\n    \u001b[36m<div\u001b[39m\n      \u001b[33mclass\u001b[39m=\u001b[32m\"min-h-screen bg-gray-900 text-white p-6\"\u001b[39m\n    \u001b[36m>\u001b[39m\n      \u001b[36m<header\u001b[39m\n        \u001b[33mclass\u001b[39m=\u001b[32m\"mb-8\"\u001b[39m\n      \u001b[36m>\u001b[39m\n        \u001b[36m<h1\u001b[39m\n          \u001b[33mclass\u001b[39m=\u001b[32m\"text-3xl font-bold mb-2\"\u001b[39m\n        \u001b[36m>\u001b[39m\n          \u001b[0mBilibili Focus Mode\u001b[0m\n        \u001b[36m</h1>\u001b[39m\n        \u001b[36m<p\u001b[39m\n          \u001b[33mclass\u001b[39m=\u001b[32m\"text-gray-400\"\u001b[39m\n        \u001b[36m>\u001b[39m\n          \u001b[0m意图性娱乐时间管理工具\u001b[0m\n        \u001b[36m</p>\u001b[39m\n      \u001b[36m</header>\u001b[39m\n      \u001b[36m<nav\u001b[39m\n        \u001b[33mclass\u001b[39m=\u001b[32m\"flex gap-4 mb-6 border-b border-gray-700 pb-4\"\u001b[39m\n      \u001b[36m>\u001b[39m\n        \u001b[36m<button\u001b[39m\n          \u001b[33mclass\u001b[39m=\u001b[32m\"px-4 py-2 rounded-lg transition-colors bg-blue-600 text-white\"\u001b[39m\n        \u001b[36m>\u001b[39m\n          \u001b[0m待审池\u001b[0m\n          \u001b[36m<span\u001b[39m\n            \u001b[33mclass\u001b[39m=\u001b[32m\"ml-2 px-2 py-0.5 text-xs bg-gray-700 rounded-full\"\u001b[39m\n          \u001b[36m>\u001b[39m\n            \u001b[0m1\u001b[0m\n          \u001b[36m</span>\u001b[39m\n        \u001b[36m</button>\u001b[39m\n        \u001b[36m<button\u001b[39m\n          \u001b[33mclass\u001b[39m=\u001b[32m\"px-4 py-2 rounded-lg transition-colors bg-gray-800 text-gray-300 hover:bg-gray-700\"\u001b[39m\n        \u001b[36m>\u001b[39m\n          \u001b[0m冷静期\u001b[0m\n          \u001b[36m<span\u001b[39m\n            \u001b[33mclass\u001b[39m=\u001b[32m\"ml-2 px-2 py-0.5 text-xs bg-gray-700 rounded-full\"\u001b[39m\n          \u001b[36m>\u001b[39m\n            \u001b[0m0\u001b[0m\n          \u001b[36m</span>\u001b[39m\n        \u001b[36m</button>\u001b[39m\n        \u001b[36m<button\u001b[39m\n          \u001b[33mclass\u001b[39m=\u001b[32m\"px-4 py-2 rounded-lg transition-colors bg-gray-800 text-gray-300 hover:bg-gray-700\"\u001b[39m\n        \u001b[36m>\u001b[39m\n          \u001b[0m即时许可\u001b[0m\n          \u001b[36m<span\u001b[39m\n            \u001b[33mclass\u001b[39m=\u001b[32m\"ml-2 px-2 py-0.5 text-xs bg-gray-700 rounded-full\"\u001b[39m\n          \u001b[36m>\u001b[39m\n            \u001b[0m0\u001b[0m\n          \u001b[36m</span>\u001b[39m\n        \u001b[36m</button>\u001b[39m\n        \u001b[36m<button\u001b[39m\n          \u001b[33mclass\u001b[39m=\u001b[32m\"px-4 py-2 rounded-lg transition-colors bg-gray-800 text-gray-300 hover:bg-gray-700\"\u001b[39m\n        \u001b[36m>\u001b[39m\n          \u001b[0m永久分组\u001b[0m\n          \u001b[36m<span\u001b[39m\n            \u001b[33mclass\u001b[39m=\u001b[32m\"ml-2 px-2 py-0.5 text-xs bg-gray-700 rounded-full\"\u001b[39m\n          \u001b[36m>\u001b[39m\n            \u001b[0m0\u001b[0m\n          \u001b[36m</span>\u001b[39m\n        \u001b[36m</button>\u001b[39m\n        \u001b[36m<button\u001b[39m\n          \u001b[33mclass\u001b[39m=\u001b[32m\"px-4 py-2 rounded-lg transition-colors bg-gray-800 text-gray-300 hover:bg-gray-700\"\u001b[39m\n        \u001b[36m>\u001b[39m\n          \u001b[0m幽灵档案\u001b[0m\n          \u001b[36m<span\u001b[39m\n            \u001b[33mclass\u001b[39m=\u001b[32m\"ml-2 px-2 py-0.5 text-xs bg-gray-700 rounded-full\"\u001b[39m\n          \u001b[36m>\u001b[39m\n            \u001b[0m0\u001b[0m\n          \u001b[36m</span>\u001b[39m\n        \u001b[36m</button>\u001b[39m\n        \u001b[36m<button\u001b[39m\n          \u001b[33mclass\u001b[39m=\u001b[32m\"px-4 py-2 rounded-lg transition-colors bg-gray-800 text-gray-300 hover:bg-gray-700\"\u001b[39m\n        \u001b[36m>\u001b[39m\n          \u001b[0m债务\u001b[0m\n        \u001b[36m</button>\u001b[39m\n      \u001b[36m</nav>\u001b[39m\n      \u001b[36m<main>\u001b[39m\n        \u001b[36m<div>\u001b[39m\n          \u001b[36m<div\u001b[39m\n            \u001b[33mclass\u001b[39m=\u001b[32m\"mb-4 p-3 rounded-lg bg-green-900/50 border border-green-600\"\u001b[39m\n          \u001b[36m>\u001b[39m\n            \u001b[36m<div\u001b[39m\n              \u001b[33mclass\u001b[39m=\u001b[32m\"flex items-center justify-between\"\u001b[39m\n            \u001b[36m>\u001b[39m\n              \u001b[36m<div\u001b[39m\n                \u001b[33mclass\u001b[39m=\u001b[32m\"flex items-center gap-2\"\u001b[39m\n              \u001b[36m>\u001b[39m\n                \u001b[36m<span\u001b[39m\n                  \u001b[33mclass\u001b[39m=\u001b[32m\"text-lg\"\u001b[39m\n                \u001b[36m>\u001b[39m\n                  \u001b[0m✅\u001b[0m\n                \u001b[36m</span>\u001b[39m\n                \u001b[36m<span\u001b[39m\n                  \u001b[33mclass\u001b[39m=\u001b[32m\"text-green-400 font-medium\"\u001b[39m\n                \u001b[36m>\u001b[39m\n                  \u001b[0m当前是审批时间 (20:00 - 21:00)\u001b[0m\n                \u001b[36m</span>\u001b[39m\n              \u001b[36m</div>\u001b[39m\n            \u001b[36m</div>\u001b[39m\n          \u001b[36m</div>\u001b[39m\n          \u001b[36m<div\u001b[39m\n            \u001b[33mclass\u001b[39m=\u001b[32m\"flex justify-between items-center mb-4\"\u001b[39m\n          \u001b[36m>\u001b[39m\n            \u001b[36m<h2\u001b[39m\n              \u001b[33mclass\u001b[39m=\u001b[32m\"text-xl font-semibold\"\u001b[39m\n            \u001b[36m>\u001b[39m\n              \u001b[0m待审池 (\u001b[0m\n              \u001b[0m1\u001b[0m\n              \u001b[0m)\u001b[0m\n            \u001b[36m</h2>\u001b[39m\n            \u001b[36m<button\u001b[39m\n              \u001b[33mclass\u001b[39m=\u001b[32m\"px-3 py-1 bg-red-600 rounded text-sm hover:bg-red-700\"\u001b[39m\n            \u001b[36m>\u001b[39m\n              \u001b[0m清空待审池\u001b[0m\n            \u001b[36m</button>\u001b[39m\n          \u001b[36m</div>\u001b[39m\n          \u001b[36m<div\u001b[39m\n            \u001b[33mclass\u001b[39m=\u001b[32m\"grid gap-4\"\u001b[39m\n          \u001b[36m>\u001b[39m\n            \u001b[36m<div\u001b[39m\n              \u001b[33mclass\u001b[39m=\u001b[32m\"bg-gray-800 p-4 rounded-lg \"\u001b[39m\n            \u001b[36m>\u001b[39m\n              \u001b[36m<div\u001b[39m\n                \u001b[33mclass\u001b[39m=\u001b[32m\"flex gap-4 items-start\"\u001b[39m\n              \u001b[36m>\u001b[39m\n                \u001b[36m<input\u001b[39m\n                  \u001b[33mclass\u001b[39m=\u001b[32m\"w-5 h-5 mt-2 rounded border-gray-600 text-blue-600 focus:ring-blue-500\"\u001b[39m\n                  \u001b[33mtype\u001b[39m=\u001b[32m\"checkbox\"\u001b[39m\n                \u001b[36m/>\u001b[39m\n                \u001b[36m<img\u001b[39m\n                  \u001b[33malt\u001b[39m=\u001b[32m\"Test Video\"\u001b[39m\n                  \u001b[33mclass\u001b[39m=\u001b[32m\"w-32 h-20 object-cover rounded\"\u001b[39m\n                  \u001b[33mcrossorigin\u001b[39m=\u001b[32m\"anonymous\"\u001b[39m\n                  \u001b[33msrc\u001b[39m=\u001b[32m\"https://example.com/cover.jpg\"\u001b[39m\n                \u001b[36m/>\u001b[39m\n                \u001b[36m<div\u001b[39m\n                  \u001b[33mclass\u001b[39m=\u001b[32m\"flex-1\"\u001b[39m\n                \u001b[36m>\u001b[39m\n                  \u001b[36m<h3\u001b[39m\n                    \u001b[33mclass\u001b[39m=\u001b[32m\"font-medium mb-1\"\u001b[39m\n                  \u001b[36m>\u001b[39m\n                    \u001b[0mTest Video\u001b[0m\n                  \u001b[36m</h3>\u001b[39m\n                  \u001b[36m<p\u001b[39m\n                    \u001b[33mclass\u001b[39m=\u001b[32m\"text-sm text-gray-400 mb-2\"\u001b[39m\n                  \u001b[36m>\u001b[39m\n                    \u001b[0mTest Uploader\u001b[0m\n                  \u001b[36m</p>\u001b[39m\n                  \u001b[36m<div\u001b[39m\n                    \u001b[33mclass\u001b[39m=\u001b[32m\"flex gap-2 flex-wrap\"\u001b[39m\n                  \u001b[36m>\u001b[39m\n                    \u001b[36m<span\u001b[39m\n                      \u001b[33mclass\u001b[39m=\u001b[32m\"px-2 py-1 rounded text-xs bg-yellow-600\"\u001b[39m\n                    \u001b[36m>\u001b[39m\n                      \u001b[0m🎮 娱乐\u001b[0m\n                    \u001b[36m</span>\u001b[39m\n                    \u001b[36m<button\u001b[39m\n                      \u001b[33mclass\u001b[39m=\u001b[32m\"px-3 py-1 rounded text-sm bg-purple-600 hover:bg-purple-700\"\u001b[39m\n                      \u001b[33mtitle\u001b[39m=\u001b[32m\"\"\u001b[39m\n                    \u001b[36m>\u001b[39m\n                      \u001b[0m永久\u001b[0m\n                    \u001b[36m</button>\u001b[39m\n                    \u001b[36m<button\u001b[39m\n                      \u001b[33mclass\u001b[39m=\u001b[32m\"px-3 py-1 rounded text-sm bg-blue-600 hover:bg-blue-700\"\u001b[39m\n                      \u001b[33mtitle\u001b[39m=\u001b[32m\"\"\u001b[39m\n                    \u001b[36m>\u001b[39m\n                      \u001b[0m冷静期\u001b[0m\n                    \u001b[36m</button>\u001b[39m\n                    \u001b[36m<button\u001b[39m\n                      \u001b[33mclass\u001b[39m=\u001b[32m\"px-3 py-1 rounded text-sm bg-orange-600 hover:bg-orange-700\"\u001b[39m\n                      \u001b[33mtitle\u001b[39m=\u001b[32m\"\"\u001b[39m\n                    \u001b[36m>\u001b[39m\n                      \u001b[0m立即\u001b[0m\n                    \u001b[36m</button>\u001b[39m\n                    \u001b[36m<button\u001b[39m\n                      \u001b[33mclass\u001b[39m=\u001b[32m\"px-3 py-1 bg-red-600 rounded text-sm hover:bg-red-700\"\u001b[39m\n                    \u001b[36m>\u001b[39m\n                      \u001b[0m删除\u001b[0m\n                    \u001b[36m</button>\u001b[39m\n                  \u001b[36m</div>\u001b[39m\n                \u001b[36m</div>\u001b[39m\n              \u001b[36m</div>\u001b[39m\n            \u001b[36m</div>\u001b[39m\n          \u001b[36m</div>\u001b[39m\n        \u001b[36m</div>\u001b[39m\n      \u001b[36m</main>\u001b[39m\n    \u001b[36m</div>\u001b[39m\n  \u001b[36m</div>\u001b[39m\n\u001b[36m</body>\u001b[39m\n    at Object.getElementError (D:\\Code\\Working\\bilibili-block\\node_modules\\@testing-library\\dom\\dist\\config.js:37:19)\n    at D:\\Code\\Working\\bilibili-block\\node_modules\\@testing-library\\dom\\dist\\query-helpers.js:76:38\n    at D:\\Code\\Working\\bilibili-block\\node_modules\\@testing-library\\dom\\dist\\query-helpers.js:109:15\n    at D:\\Code\\Working\\bilibili-block\\src\\manager\\App.test.tsx:202:43\n    at file:///D:/Code/Working/bilibili-block/node_modules/@vitest/runner/dist/chunk-hooks.js:155:11\n    at file:///D:/Code/Working/bilibili-block/node_modules/@vitest/runner/dist/chunk-hooks.js:752:26\n    at file:///D:/Code/Working/bilibili-block/node_modules/@vitest/runner/dist/chunk-hooks.js:1897:20\n    at new Promise (<anonymous>)\n    at runWithTimeout (file:///D:/Code/Working/bilibili-block/node_modules/@vitest/runner/dist/chunk-hooks.js:1863:10)\n    at runTest (file:///D:/Code/Working/bilibili-block/node_modules/@vitest/runner/dist/chunk-hooks.js:1574:12)"],"meta":{}},{"ancestorTitles":["Manager App","Limbo Review Actions"],"fullName":"Manager App Limbo Review Actions should add to cooling list when clicking 冷静期","status":"passed","title":"should add to cooling list when clicking 冷静期","duration":69.04190000000017,"failureMessages":[],"meta":{}},{"ancestorTitles":["Manager App","Limbo Review Actions"],"fullName":"Manager App Limbo Review Actions should delete item when clicking 删除","status":"failed","title":"should delete item when clicking 删除","duration":1030.302099999999,"failureMessages":["AssertionError: expected \"spy\" to be called with arguments: [ { limboList: [] } ]\u001b[90m\n\nNumber of calls: \u001b[1m0\u001b[22m\n\u001b[39m\n    at Proxy.<anonymous> (file:///D:/Code/Working/bilibili-block/node_modules/@vitest/expect/dist/index.js:1355:10)\n    at Proxy.<anonymous> (file:///D:/Code/Working/bilibili-block/node_modules/@vitest/expect/dist/index.js:1029:14)\n    at Proxy.methodWrapper (file:///D:/Code/Working/bilibili-block/node_modules/chai/index.js:1686:25)\n    at D:\\Code\\Working\\bilibili-block\\src\\manager\\App.test.tsx:274:42\n    at Timeout.checkCallback (file:///D:/Code/Working/bilibili-block/node_modules/vitest/dist/chunks/vi.bdSIJ99Y.js:3731:20)\n    at listOnTimeout (node:internal/timers:605:17)\n    at processTimers (node:internal/timers:541:7)"],"meta":{}},{"ancestorTitles":["Manager App","Other Tabs"],"fullName":"Manager App Other Tabs should show cooling list","status":"passed","title":"should show cooling list","duration":9.609800000000178,"failureMessages":[],"meta":{}},{"ancestorTitles":["Manager App","Other Tabs"],"fullName":"Manager App Other Tabs should show instant list","status":"passed","title":"should show instant list","duration":7.98070000000007,"failureMessages":[],"meta":{}},{"ancestorTitles":["Manager App","Other Tabs"],"fullName":"Manager App Other Tabs should show permanent groups","status":"failed","title":"should show permanent groups","duration":13.3679000000011,"failureMessages":["TestingLibraryElementError: Unable to find an element with the text: /Test Group/. This could be because the text is broken up by multiple elements. In this case, you can provide a function for your text matcher to make your matcher more flexible.\n\nIgnored nodes: comments, script, style\n\u001b[36m<body>\u001b[39m\n  \u001b[36m<div>\u001b[39m\n    \u001b[36m<div\u001b[39m\n      \u001b[33mclass\u001b[39m=\u001b[32m\"min-h-screen bg-gray-900 text-white p-6\"\u001b[39m\n    \u001b[36m>\u001b[39m\n      \u001b[36m<header\u001b[39m\n        \u001b[33mclass\u001b[39m=\u001b[32m\"mb-8\"\u001b[39m\n      \u001b[36m>\u001b[39m\n        \u001b[36m<h1\u001b[39m\n          \u001b[33mclass\u001b[39m=\u001b[32m\"text-3xl font-bold mb-2\"\u001b[39m\n        \u001b[36m>\u001b[39m\n          \u001b[0mBilibili Focus Mode\u001b[0m\n        \u001b[36m</h1>\u001b[39m\n        \u001b[36m<p\u001b[39m\n          \u001b[33mclass\u001b[39m=\u001b[32m\"text-gray-400\"\u001b[39m\n        \u001b[36m>\u001b[39m\n          \u001b[0m意图性娱乐时间管理工具\u001b[0m\n        \u001b[36m</p>\u001b[39m\n      \u001b[36m</header>\u001b[39m\n      \u001b[36m<nav\u001b[39m\n        \u001b[33mclass\u001b[39m=\u001b[32m\"flex gap-4 mb-6 border-b border-gray-700 pb-4\"\u001b[39m\n      \u001b[36m>\u001b[39m\n        \u001b[36m<button\u001b[39m\n          \u001b[33mclass\u001b[39m=\u001b[32m\"px-4 py-2 rounded-lg transition-colors bg-gray-800 text-gray-300 hover:bg-gray-700\"\u001b[39m\n        \u001b[36m>\u001b[39m\n          \u001b[0m待审池\u001b[0m\n          \u001b[36m<span\u001b[39m\n            \u001b[33mclass\u001b[39m=\u001b[32m\"ml-2 px-2 py-0.5 text-xs bg-gray-700 rounded-full\"\u001b[39m\n          \u001b[36m>\u001b[39m\n            \u001b[0m0\u001b[0m\n          \u001b[36m</span>\u001b[39m\n        \u001b[36m</button>\u001b[39m\n        \u001b[36m<button\u001b[39m\n          \u001b[33mclass\u001b[39m=\u001b[32m\"px-4 py-2 rounded-lg transition-colors bg-gray-800 text-gray-300 hover:bg-gray-700\"\u001b[39m\n        \u001b[36m>\u001b[39m\n          \u001b[0m冷静期\u001b[0m\n          \u001b[36m<span\u001b[39m\n            \u001b[33mclass\u001b[39m=\u001b[32m\"ml-2 px-2 py-0.5 text-xs bg-gray-700 rounded-full\"\u001b[39m\n          \u001b[36m>\u001b[39m\n            \u001b[0m0\u001b[0m\n          \u001b[36m</span>\u001b[39m\n        \u001b[36m</button>\u001b[39m\n        \u001b[36m<button\u001b[39m\n          \u001b[33mclass\u001b[39m=\u001b[32m\"px-4 py-2 rounded-lg transition-colors bg-gray-800 text-gray-300 hover:bg-gray-700\"\u001b[39m\n        \u001b[36m>\u001b[39m\n          \u001b[0m即时许可\u001b[0m\n          \u001b[36m<span\u001b[39m\n            \u001b[33mclass\u001b[39m=\u001b[32m\"ml-2 px-2 py-0.5 text-xs bg-gray-700 rounded-full\"\u001b[39m\n          \u001b[36m>\u001b[39m\n            \u001b[0m0\u001b[0m\n          \u001b[36m</span>\u001b[39m\n        \u001b[36m</button>\u001b[39m\n        \u001b[36m<button\u001b[39m\n          \u001b[33mclass\u001b[39m=\u001b[32m\"px-4 py-2 rounded-lg transition-colors bg-blue-600 text-white\"\u001b[39m\n        \u001b[36m>\u001b[39m\n          \u001b[0m永久分组\u001b[0m\n          \u001b[36m<span\u001b[39m\n            \u001b[33mclass\u001b[39m=\u001b[32m\"ml-2 px-2 py-0.5 text-xs bg-gray-700 rounded-full\"\u001b[39m\n          \u001b[36m>\u001b[39m\n            \u001b[0m1\u001b[0m\n          \u001b[36m</span>\u001b[39m\n        \u001b[36m</button>\u001b[39m\n        \u001b[36m<button\u001b[39m\n          \u001b[33mclass\u001b[39m=\u001b[32m\"px-4 py-2 rounded-lg transition-colors bg-gray-800 text-gray-300 hover:bg-gray-700\"\u001b[39m\n        \u001b[36m>\u001b[39m\n          \u001b[0m幽灵档案\u001b[0m\n          \u001b[36m<span\u001b[39m\n            \u001b[33mclass\u001b[39m=\u001b[32m\"ml-2 px-2 py-0.5 text-xs bg-gray-700 rounded-full\"\u001b[39m\n          \u001b[36m>\u001b[39m\n            \u001b[0m0\u001b[0m\n          \u001b[36m</span>\u001b[39m\n        \u001b[36m</button>\u001b[39m\n        \u001b[36m<button\u001b[39m\n          \u001b[33mclass\u001b[39m=\u001b[32m\"px-4 py-2 rounded-lg transition-colors bg-gray-800 text-gray-300 hover:bg-gray-700\"\u001b[39m\n        \u001b[36m>\u001b[39m\n          \u001b[0m债务\u001b[0m\n        \u001b[36m</button>\u001b[39m\n      \u001b[36m</nav>\u001b[39m\n      \u001b[36m<main>\u001b[39m\n        \u001b[36m<div>\u001b[39m\n          \u001b[36m<div\u001b[39m\n            \u001b[33mclass\u001b[39m=\u001b[32m\"flex justify-between items-center mb-4\"\u001b[39m\n          \u001b[36m>\u001b[39m\n            \u001b[36m<h2\u001b[39m\n              \u001b[33mclass\u001b[39m=\u001b[32m\"text-xl font-semibold\"\u001b[39m\n            \u001b[36m>\u001b[39m\n              \u001b[0m永久分组 (\u001b[0m\n              \u001b[0m1\u001b[0m\n              \u001b[0m 个视频)\u001b[0m\n            \u001b[36m</h2>\u001b[39m\n            \u001b[36m<button\u001b[39m\n              \u001b[33mclass\u001b[39m=\u001b[32m\"px-3 py-1 bg-red-600 rounded text-sm hover:bg-red-700\"\u001b[39m\n            \u001b[36m>\u001b[39m\n              \u001b[0m清空所有\u001b[0m\n            \u001b[36m</button>\u001b[39m\n          \u001b[36m</div>\u001b[39m\n          \u001b[36m<div\u001b[39m\n            \u001b[33mclass\u001b[39m=\u001b[32m\"grid grid-cols-1 lg:grid-cols-2 gap-6\"\u001b[39m\n          \u001b[36m>\u001b[39m\n            \u001b[36m<div\u001b[39m\n              \u001b[33mclass\u001b[39m=\u001b[32m\"bg-gray-800 p-4 rounded-lg\"\u001b[39m\n            \u001b[36m>\u001b[39m\n              \u001b[36m<div\u001b[39m\n                \u001b[33mclass\u001b[39m=\u001b[32m\"flex items-center gap-2 mb-3\"\u001b[39m\n              \u001b[36m>\u001b[39m\n                \u001b[36m<span\u001b[39m\n                  \u001b[33mclass\u001b[39m=\u001b[32m\"text-2xl\"\u001b[39m\n                \u001b[36m>\u001b[39m\n                  \u001b[0m📚\u001b[0m\n                \u001b[36m</span>\u001b[39m\n                \u001b[36m<h3\u001b[39m\n                  \u001b[33mclass\u001b[39m=\u001b[32m\"text-lg font-medium text-green-400\"\u001b[39m\n                \u001b[36m>\u001b[39m\n                  \u001b[0m学习 (\u001b[0m\n                  \u001b[0m1\u001b[0m\n                  \u001b[0m)\u001b[0m\n                \u001b[36m</h3>\u001b[39m\n              \u001b[36m</div>\u001b[39m\n              \u001b[36m<div\u001b[39m\n                \u001b[33mclass\u001b[39m=\u001b[32m\"grid gap-3\"\u001b[39m\n              \u001b[36m>\u001b[39m\n                \u001b[36m<div\u001b[39m\n                  \u001b[33mclass\u001b[39m=\u001b[32m\"flex gap-3 items-center bg-gray-700 p-3 rounded \"\u001b[39m\n                \u001b[36m>\u001b[39m\n                  \u001b[36m<input\u001b[39m\n                    \u001b[33mclass\u001b[39m=\u001b[32m\"w-4 h-4 rounded border-gray-600 text-blue-600 focus:ring-blue-500\"\u001b[39m\n                    \u001b[33mtype\u001b[39m=\u001b[32m\"checkbox\"\u001b[39m\n                  \u001b[36m/>\u001b[39m\n                  \u001b[36m<div\u001b[39m\n                    \u001b[33mclass\u001b[39m=\u001b[32m\"w-20 h-12 bg-gray-700 rounded flex items-center justify-center text-xs text-gray-400\"\u001b[39m\n                  \u001b[36m>\u001b[39m\n                    \u001b[0m无封面\u001b[0m\n                  \u001b[36m</div>\u001b[39m\n                  \u001b[36m<div\u001b[39m\n                    \u001b[33mclass\u001b[39m=\u001b[32m\"flex-1 min-w-0\"\u001b[39m\n                  \u001b[36m>\u001b[39m\n                    \u001b[36m<p\u001b[39m\n                      \u001b[33mclass\u001b[39m=\u001b[32m\"font-medium text-sm truncate\"\u001b[39m\n                    \u001b[36m>\u001b[39m\n                      \u001b[0mPermanent Video\u001b[0m\n                    \u001b[36m</p>\u001b[39m\n                    \u001b[36m<p\u001b[39m\n                      \u001b[33mclass\u001b[39m=\u001b[32m\"text-xs text-gray-400\"\u001b[39m\n                    \u001b[36m>\u001b[39m\n                      \u001b[0mUploader\u001b[0m\n                    \u001b[36m</p>\u001b[39m\n                  \u001b[36m</div>\u001b[39m\n                  \u001b[36m<button\u001b[39m\n                    \u001b[33mclass\u001b[39m=\u001b[32m\"px-2 py-1 bg-red-600 rounded text-xs hover:bg-red-700 flex-shrink-0\"\u001b[39m\n                  \u001b[36m>\u001b[39m\n                    \u001b[0m删除\u001b[0m\n                  \u001b[36m</button>\u001b[39m\n                \u001b[36m</div>\u001b[39m\n              \u001b[36m</div>\u001b[39m\n            \u001b[36m</div>\u001b[39m\n            \u001b[36m<div\u001b[39m\n              \u001b[33mclass\u001b[39m=\u001b[32m\"bg-gray-800 p-4 rounded-lg\"\u001b[39m\n            \u001b[36m>\u001b[39m\n              \u001b[36m<div\u001b[39m\n                \u001b[33mclass\u001b[39m=\u001b[32m\"flex items-center gap-2 mb-3\"\u001b[39m\n              \u001b[36m>\u001b[39m\n                \u001b[36m<span\u001b[39m\n                  \u001b[33mclass\u001b[39m=\u001b[32m\"text-2xl\"\u001b[39m\n                \u001b[36m>\u001b[39m\n                  \u001b[0m🎮\u001b[0m\n                \u001b[36m</span>\u001b[39m\n                \u001b[36m<h3\u001b[39m\n                  \u001b[33mclass\u001b[39m=\u001b[32m\"text-lg font-medium text-yellow-400\"\u001b[39m\n                \u001b[36m>\u001b[39m\n                  \u001b[0m娱乐 (\u001b[0m\n                  \u001b[0m0\u001b[0m\n                  \u001b[0m)\u001b[0m\n                \u001b[36m</h3>\u001b[39m\n              \u001b[36m</div>\u001b[39m\n              \u001b[36m<div\u001b[39m\n                \u001b[33mclass\u001b[39m=\u001b[32m\"grid gap-3\"\u001b[39m\n              \u001b[36m>\u001b[39m\n                \u001b[36m<p\u001b[39m\n                  \u001b[33mclass\u001b[39m=\u001b[32m\"text-gray-500 text-sm\"\u001b[39m\n                \u001b[36m>\u001b[39m\n                  \u001b[0m暂无娱乐类视频\u001b[0m\n                \u001b[36m</p>\u001b[39m\n              \u001b[36m</div>\u001b[39m\n            \u001b[36m</div>\u001b[39m\n          \u001b[36m</div>\u001b[39m\n        \u001b[36m</div>\u001b[39m\n      \u001b[36m</main>\u001b[39m\n    \u001b[36m</div>\u001b[39m\n  \u001b[36m</div>\u001b[39m\n\u001b[36m</body>\u001b[39m\n    at Object.getElementError (D:\\Code\\Working\\bilibili-block\\node_modules\\@testing-library\\dom\\dist\\config.js:37:19)\n    at D:\\Code\\Working\\bilibili-block\\node_modules\\@testing-library\\dom\\dist\\query-helpers.js:76:38\n    at D:\\Code\\Working\\bilibili-block\\node_modules\\@testing-library\\dom\\dist\\query-helpers.js:109:15\n    at D:\\Code\\Working\\bilibili-block\\src\\manager\\App.test.tsx:349:21\n    at file:///D:/Code/Working/bilibili-block/node_modules/@vitest/runner/dist/chunk-hooks.js:155:11\n    at file:///D:/Code/Working/bilibili-block/node_modules/@vitest/runner/dist/chunk-hooks.js:752:26\n    at file:///D:/Code/Working/bilibili-block/node_modules/@vitest/runner/dist/chunk-hooks.js:1897:20\n    at new Promise (<anonymous>)\n    at runWithTimeout (file:///D:/Code/Working/bilibili-block/node_modules/@vitest/runner/dist/chunk-hooks.js:1863:10)\n    at runTest (file:///D:/Code/Working/bilibili-block/node_modules/@vitest/runner/dist/chunk-hooks.js:1574:12)"],"meta":{}}],"startTime":1770985647069,"endTime":1770985648412.368,"status":"failed","message":"","name":"D:/Code/Working/bilibili-block/src/manager/App.test.tsx"},{"assertionResults":[{"ancestorTitles":["BehaviorLoggingService","logEvent"],"fullName":"BehaviorLoggingService logEvent should log a behavior event","status":"passed","title":"should log a behavior event","duration":12.92580000000089,"failureMessages":[],"meta":{}},{"ancestorTitles":["BehaviorLoggingService","logEvent"],"fullName":"BehaviorLoggingService logEvent should generate unique IDs for each log","status":"passed","title":"should generate unique IDs for each log","duration":1.8506999999990512,"failureMessages":[],"meta":{}},{"ancestorTitles":["BehaviorLoggingService","logEvent"],"fullName":"BehaviorLoggingService logEvent should set timestamp for each log","status":"passed","title":"should set timestamp for each log","duration":1.5630000000001019,"failureMessages":[],"meta":{}},{"ancestorTitles":["BehaviorLoggingService","logEvent"],"fullName":"BehaviorLoggingService logEvent should limit maximum logs to 1000","status":"passed","title":"should limit maximum logs to 1000","duration":10.78729999999996,"failureMessages":[],"meta":{}},{"ancestorTitles":["BehaviorLoggingService","getLogs"],"fullName":"BehaviorLoggingService getLogs should return all logs when no filter","status":"passed","title":"should return all logs when no filter","duration":1.6059999999997672,"failureMessages":[],"meta":{}},{"ancestorTitles":["BehaviorLoggingService","getLogs"],"fullName":"BehaviorLoggingService getLogs should filter by start time","status":"passed","title":"should filter by start time","duration":1.4512999999988097,"failureMessages":[],"meta":{}},{"ancestorTitles":["BehaviorLoggingService","getLogs"],"fullName":"BehaviorLoggingService getLogs should filter by end time","status":"passed","title":"should filter by end time","duration":1.4542999999994208,"failureMessages":[],"meta":{}},{"ancestorTitles":["BehaviorLoggingService","getLogs"],"fullName":"BehaviorLoggingService getLogs should filter by actions","status":"passed","title":"should filter by actions","duration":2.541799999999057,"failureMessages":[],"meta":{}},{"ancestorTitles":["BehaviorLoggingService","getLogs"],"fullName":"BehaviorLoggingService getLogs should filter by bvid","status":"passed","title":"should filter by bvid","duration":1.3518000000003667,"failureMessages":[],"meta":{}},{"ancestorTitles":["BehaviorLoggingService","getLogs"],"fullName":"BehaviorLoggingService getLogs should filter by groupId","status":"passed","title":"should filter by groupId","duration":1.209100000000035,"failureMessages":[],"meta":{}},{"ancestorTitles":["BehaviorLoggingService","getLogs"],"fullName":"BehaviorLoggingService getLogs should limit results","status":"passed","title":"should limit results","duration":0.9521000000004278,"failureMessages":[],"meta":{}},{"ancestorTitles":["BehaviorLoggingService","getStats"],"fullName":"BehaviorLoggingService getStats should calculate total views","status":"passed","title":"should calculate total views","duration":1.9958999999998923,"failureMessages":[],"meta":{}},{"ancestorTitles":["BehaviorLoggingService","getStats"],"fullName":"BehaviorLoggingService getStats should categorize videos","status":"passed","title":"should categorize videos","duration":1.1846999999997934,"failureMessages":[],"meta":{}},{"ancestorTitles":["BehaviorLoggingService","getStats"],"fullName":"BehaviorLoggingService getStats should count actions by type","status":"passed","title":"should count actions by type","duration":1.0168999999987136,"failureMessages":[],"meta":{}},{"ancestorTitles":["BehaviorLoggingService","getStats"],"fullName":"BehaviorLoggingService getStats should calculate watch time","status":"passed","title":"should calculate watch time","duration":1.0249000000003434,"failureMessages":[],"meta":{}},{"ancestorTitles":["BehaviorLoggingService","getStats"],"fullName":"BehaviorLoggingService getStats should provide daily breakdown","status":"passed","title":"should provide daily breakdown","duration":1.0096000000012282,"failureMessages":[],"meta":{}},{"ancestorTitles":["BehaviorLoggingService","getStats"],"fullName":"BehaviorLoggingService getStats should calculate peak hour","status":"passed","title":"should calculate peak hour","duration":0.9635999999991327,"failureMessages":[],"meta":{}},{"ancestorTitles":["BehaviorLoggingService","getRecentActivity"],"fullName":"BehaviorLoggingService getRecentActivity should return activity summary for last 24 hours","status":"passed","title":"should return activity summary for last 24 hours","duration":1.6176999999988766,"failureMessages":[],"meta":{}},{"ancestorTitles":["BehaviorLoggingService","getRecentActivity"],"fullName":"BehaviorLoggingService getRecentActivity should filter by custom hours","status":"passed","title":"should filter by custom hours","duration":1.0064000000002125,"failureMessages":[],"meta":{}},{"ancestorTitles":["BehaviorLoggingService","clearLogs"],"fullName":"BehaviorLoggingService clearLogs should remove all logs","status":"passed","title":"should remove all logs","duration":2.2806000000000495,"failureMessages":[],"meta":{}},{"ancestorTitles":["BehaviorLoggingService","exportLogs"],"fullName":"BehaviorLoggingService exportLogs should export logs as JSON string","status":"passed","title":"should export logs as JSON string","duration":1.0657999999984895,"failureMessages":[],"meta":{}},{"ancestorTitles":["BehaviorLoggingService","getFuseStats"],"fullName":"BehaviorLoggingService getFuseStats should calculate fuse application statistics","status":"passed","title":"should calculate fuse application statistics","duration":1.254799999998795,"failureMessages":[],"meta":{}},{"ancestorTitles":["BehaviorLoggingService","getFuseStats"],"fullName":"BehaviorLoggingService getFuseStats should group by day","status":"passed","title":"should group by day","duration":0.8481000000010681,"failureMessages":[],"meta":{}},{"ancestorTitles":["BehaviorLoggingService","getDebtStats"],"fullName":"BehaviorLoggingService getDebtStats should calculate debt statistics","status":"passed","title":"should calculate debt statistics","duration":1.1415999999990163,"failureMessages":[],"meta":{}}],"startTime":1770985647063,"endTime":1770985647119.1416,"status":"passed","message":"","name":"D:/Code/Working/bilibili-block/src/core/services/BehaviorLoggingService.test.ts"},{"assertionResults":[{"ancestorTitles":["ConfigService","loadConfig"],"fullName":"ConfigService loadConfig should return default config when no config saved","status":"passed","title":"should return default config when no config saved","duration":3.85990000000038,"failureMessages":[],"meta":{}},{"ancestorTitles":["ConfigService","loadConfig"],"fullName":"ConfigService loadConfig should merge saved config with defaults","status":"passed","title":"should merge saved config with defaults","duration":0.6100999999998749,"failureMessages":[],"meta":{}},{"ancestorTitles":["ConfigService","saveConfig"],"fullName":"ConfigService saveConfig should save valid config","status":"passed","title":"should save valid config","duration":2.3641000000006898,"failureMessages":[],"meta":{}},{"ancestorTitles":["ConfigService","saveConfig"],"fullName":"ConfigService saveConfig should reject invalid config","status":"passed","title":"should reject invalid config","duration":0.49579999999969004,"failureMessages":[],"meta":{}},{"ancestorTitles":["ConfigService","updateConfig"],"fullName":"ConfigService updateConfig should update specific fields","status":"passed","title":"should update specific fields","duration":2.7935999999999694,"failureMessages":[],"meta":{}},{"ancestorTitles":["ConfigService","resetToDefaults"],"fullName":"ConfigService resetToDefaults should reset to default config","status":"passed","title":"should reset to default config","duration":0.8747999999995955,"failureMessages":[],"meta":{}},{"ancestorTitles":["ConfigService","validateConfig"],"fullName":"ConfigService validateConfig should return no errors for valid config","status":"passed","title":"should return no errors for valid config","duration":1.4760000000005675,"failureMessages":[],"meta":{}},{"ancestorTitles":["ConfigService","validateConfig"],"fullName":"ConfigService validateConfig should detect invalid time format","status":"passed","title":"should detect invalid time format","duration":0.5230000000001382,"failureMessages":[],"meta":{}},{"ancestorTitles":["ConfigService","validateConfig"],"fullName":"ConfigService validateConfig should detect invalid capacity","status":"passed","title":"should detect invalid capacity","duration":0.4411000000000058,"failureMessages":[],"meta":{}},{"ancestorTitles":["ConfigService","validateConfig"],"fullName":"ConfigService validateConfig should detect invalid cooling period","status":"passed","title":"should detect invalid cooling period","duration":0.3077999999995882,"failureMessages":[],"meta":{}},{"ancestorTitles":["ConfigService","validateConfig"],"fullName":"ConfigService validateConfig should detect invalid fuse length","status":"passed","title":"should detect invalid fuse length","duration":0.2801000000008571,"failureMessages":[],"meta":{}},{"ancestorTitles":["ConfigService","validateConfig"],"fullName":"ConfigService validateConfig should detect invalid debt ratio","status":"passed","title":"should detect invalid debt ratio","duration":0.26530000000002474,"failureMessages":[],"meta":{}},{"ancestorTitles":["ConfigService","validateConfig"],"fullName":"ConfigService validateConfig should detect multiple errors","status":"passed","title":"should detect multiple errors","duration":0.3297000000002299,"failureMessages":[],"meta":{}},{"ancestorTitles":["ConfigService","getConfigDescriptions"],"fullName":"ConfigService getConfigDescriptions should return descriptions for all config fields","status":"passed","title":"should return descriptions for all config fields","duration":0.5011999999996988,"failureMessages":[],"meta":{}},{"ancestorTitles":["ConfigService","getConfigDescriptions"],"fullName":"ConfigService getConfigDescriptions should include all field types","status":"passed","title":"should include all field types","duration":1.2145999999993364,"failureMessages":[],"meta":{}}],"startTime":1770985647043,"endTime":1770985647060.2146,"status":"passed","message":"","name":"D:/Code/Working/bilibili-block/src/core/services/ConfigService.test.ts"},{"assertionResults":[{"ancestorTitles":["CoolingTransitionService","processTransitions"],"fullName":"CoolingTransitionService processTransitions should keep cooling items in waiting period","status":"passed","title":"should keep cooling items in waiting period","duration":7.370100000000093,"failureMessages":[],"meta":{}},{"ancestorTitles":["CoolingTransitionService","processTransitions"],"fullName":"CoolingTransitionService processTransitions should keep cooling items in available period","status":"passed","title":"should keep cooling items in available period","duration":0.9242999999996755,"failureMessages":[],"meta":{}},{"ancestorTitles":["CoolingTransitionService","processTransitions"],"fullName":"CoolingTransitionService processTransitions should transition expired items to ghost","status":"passed","title":"should transition expired items to ghost","duration":1.296400000000176,"failureMessages":[],"meta":{}},{"ancestorTitles":["CoolingTransitionService","processTransitions"],"fullName":"CoolingTransitionService processTransitions should handle multiple items with different states","status":"passed","title":"should handle multiple items with different states","duration":0.8982999999998356,"failureMessages":[],"meta":{}},{"ancestorTitles":["CoolingTransitionService","state checks"],"fullName":"CoolingTransitionService state checks should detect waiting period","status":"passed","title":"should detect waiting period","duration":0.6727000000000771,"failureMessages":[],"meta":{}},{"ancestorTitles":["CoolingTransitionService","state checks"],"fullName":"CoolingTransitionService state checks should detect available period","status":"passed","title":"should detect available period","duration":0.46340000000054715,"failureMessages":[],"meta":{}},{"ancestorTitles":["CoolingTransitionService","state checks"],"fullName":"CoolingTransitionService state checks should detect expired","status":"passed","title":"should detect expired","duration":0.4234999999998763,"failureMessages":[],"meta":{}},{"ancestorTitles":["CoolingTransitionService","time calculations"],"fullName":"CoolingTransitionService time calculations should calculate time until available","status":"passed","title":"should calculate time until available","duration":0.42379999999957363,"failureMessages":[],"meta":{}},{"ancestorTitles":["CoolingTransitionService","time calculations"],"fullName":"CoolingTransitionService time calculations should return 0 if already available","status":"passed","title":"should return 0 if already available","duration":0.4192000000002736,"failureMessages":[],"meta":{}},{"ancestorTitles":["CoolingTransitionService","time calculations"],"fullName":"CoolingTransitionService time calculations should calculate remaining available time","status":"passed","title":"should calculate remaining available time","duration":0.4201999999995678,"failureMessages":[],"meta":{}},{"ancestorTitles":["CoolingTransitionService","visual state"],"fullName":"CoolingTransitionService visual state should return cooling state","status":"passed","title":"should return cooling state","duration":0.43180000000029395,"fa
[...]
,"5":{"start":{"line":6,"column":0},"end":{"line":6,"column":61}},"6":{"start":{"line":7,"column":0},"end":{"line":7,"column":20}},"7":{"start":{"line":8,"column":0},"end":{"line":8,"column":11}},"8":{"start":{"line":9,"column":0},"end":{"line":9,"column":21}},"9":{"start":{"line":10,"column":0},"end":{"line":10,"column":2}}},"s":{"0":0,"1":0,"2":0,"3":0,"5":0,"6":0,"7":0,"8":0,"9":0},"branchMap":{"0":{"type":"branch","line":1,"loc":{"start":{"line":1,"column":207},"end":{"line":10,"column":-170}},"locations":[{"start":{"line":1,"column":207},"end":{"line":10,"column":-170}}]}},"b":{"0":[0]},"fnMap":{"0":{"name":"(empty-report)","decl":{"start":{"line":1,"column":207},"end":{"line":10,"column":-170}},"loc":{"start":{"line":1,"column":207},"end":{"line":10,"column":-170}},"line":1}},"f":{"0":0}},"D:\\Code\\Working\\bilibili-block\\dist\\assets\\index.tsx-loader-BEizG45U.js":{"path":"D:\\Code\\Working\\bilibili-block\\dist\\assets\\index.tsx-loader-BEizG45U.js","all":true,"statementMap":{"0":{"start":{"line":1,"column":0},"end":{"line":1,"column":14}},"1":{"start":{"line":2,"column":0},"end":{"line":2,"column":15}},"3":{"start":{"line":4,"column":0},"end":{"line":4,"column":39}},"4":{"start":{"line":5,"column":0},"end":{"line":5,"column":16}},"5":{"start":{"line":6,"column":0},"end":{"line":6,"column":39}},"6":{"start":{"line":7,"column":0},"end":{"line":7,"column":24}},"7":{"start":{"line":8,"column":0},"end":{"line":8,"column":59}},"8":{"start":{"line":9,"column":0},"end":{"line":9,"column":6}},"9":{"start":{"line":10,"column":0},"end":{"line":10,"column":84}},"10":{"start":{"line":11,"column":0},"end":{"line":11,"column":28}},"12":{"start":{"line":13,"column":0},"end":{"line":13,"column":5}}},"s":{"0":0,"1":0,"3":0,"4":0,"5":0,"6":0,"7":0,"8":0,"9":0,"10":0,"12":0},"branchMap":{"0":{"type":"branch","line":1,"loc":{"start":{"line":1,"column":0},"end":{"line":13,"column":-10}},"locations":[{"start":{"line":1,"column":0},"end":{"line":13,"column":-10}}]}},"b":{"0":[0]},"fnMap":{"0":{"name":"(empty-report)","decl":{"start":{"line":1,"column":0},"end":{"line":13,"column":-10}},"loc":{"start":{"line":1,"column":0},"end":{"line":13,"column":-10}},"line":1}},"f":{"0":0}},"D:\\Code\\Working\\bilibili-block\\dist\\assets\\index.ts-B-9plYKf.js":{"path":"D:\\Code\\Working\\bilibili-block\\dist\\assets\\index.ts-B-9plYKf.js","all":true,"statementMap":{"0":{"start":{"line":1,"column":0},"end":{"line":1,"column":9696}}},"s":{"0":0},"branchMap":{"0":{"type":"branch","line":1,"loc":{"start":{"line":1,"column":164},"end":{"line":1,"column":8922}},"locations":[{"start":{"line":1,"column":164},"end":{"line":1,"column":8922}}]}},"b":{"0":[0]},"fnMap":{"0":{"name":"(empty-report)","decl":{"start":{"line":1,"column":164},"end":{"line":1,"column":8922}},"loc":{"start":{"line":1,"column":164},"end":{"line":1,"column":8922}},"line":1}},"f":{"0":0}},"D:\\Code\\Working\\bilibili-block\\dist\\assets\\index.tsx-CEPHFhMS.js":{"path":"D:\\Code\\Working\\bilibili-block\\dist\\assets\\index.tsx-CEPHFhMS.js","all":true,"statementMap":{"0":{"start":{"line":1,"column":0},"end":{"line":1,"column":4939}},"1":{"start":{"line":2,"column":0},"end":{"line":2,"column":72}},"2":{"start":{"line":3,"column":0},"end":{"line":3,"column":71}},"3":{"start":{"line":4,"column":0},"end":{"line":4,"column":84}},"4":{"start":{"line":5,"column":0},"end":{"line":5,"column":93}},"5":{"start":{"line":6,"column":0},"end":{"line":6,"column":8}},"6":{"start":{"line":7,"column":0},"end":{"line":7,"column":141}},"7":{"start":{"line":8,"column":0},"end":{"line":8,"column":90}},"8":{"start":{"line":9,"column":0},"end":{"line":9,"column":70}},"9":{"start":{"line":10,"column":0},"end":{"line":10,"column":69}},"10":{"start":{"line":11,"column":0},"end":{"line":11,"column":29}},"11":{"start":{"line":12,"column":0},"end":{"line":12,"column":36}},"12":{"start":{"line":13,"column":0},"end":{"line":13,"column":14}},"13":{"start":{"line":14,"column":0},"end":{"line":14,"column":14}},"15":{"start":{"line":16,"column":0},"end":{"line":16,"column":89}},"16":{"start":{"line":17,"column":0},"end":{"line":17,"column":168}},"17":{"start":{"line":18,"column":0},"end":{"line":18,"column":17}},"18":{"start":{"line":19,"column":0},"end":{"line":19,"column":19}},"19":{"start":{"line":20,"column":0},"end":{"line":20,"column":167}},"20":{"start":{"line":21,"column":0},"end":{"line":21,"column":17}},"21":{"start":{"line":22,"column":0},"end":{"line":22,"column":19}},"22":{"start":{"line":23,"column":0},"end":{"line":23,"column":186}},"23":{"start":{"line":24,"column":0},"end":{"line":24,"column":17}},"24":{"start":{"line":25,"column":0},"end":{"line":25,"column":19}},"25":{"start":{"line":26,"column":0},"end":{"line":26,"column":14}},"26":{"start":{"line":27,"column":0},"end":{"line":27,"column":12}},"27":{"start":{"line":28,"column":0},"end":{"line":28,"column":19}},"28":{"start":{"line":29,"column":0},"end":{"line":29,"column":72}},"29":{"start":{"line":30,"column":0},"end":{"line":30,"column":71}},"30":{"start":{"line":31,"column":0},"end":{"line":31,"column":84}},"31":{"start":{"line":32,"column":0},"end":{"line":32,"column":93}},"32":{"start":{"line":33,"column":0},"end":{"line":33,"column":8}},"33":{"start":{"line":34,"column":0},"end":{"line":34,"column":112}},"34":{"start":{"line":35,"column":0},"end":{"line":35,"column":71}},"35":{"start":{"line":36,"column":0},"end":{"line":36,"column":69}},"36":{"start":{"line":37,"column":0},"end":{"line":37,"column":38}},"37":{"start":{"line":38,"column":0},"end":{"line":38,"column":22}},"38":{"start":{"line":39,"column":0},"end":{"line":39,"column":14}},"39":{"start":{"line":40,"column":0},"end":{"line":40,"column":14}},"41":{"start":{"line":42,"column":0},"end":{"line":42,"column":89}},"42":{"start":{"line":43,"column":0},"end":{"line":43,"column":168}},"43":{"start":{"line":44,"column":0},"end":{"line":44,"column":17}},"44":{"start":{"line":45,"column":0},"end":{"line":45,"column":19}},"45":{"start":{"line":46,"column":0},"end":{"line":46,"column":167}},"46":{"start":{"line":47,"column":0},"end":{"line":47,"column":17}},"47":{"start":{"line":48,"column":0},"end":{"line":48,"column":19}},"48":{"start":{"line":49,"column":0},"end":{"line":49,"column":186}},"49":{"start":{"line":50,"column":0},"end":{"line":50,"column":17}},"50":{"start":{"line":51,"column":0},"end":{"line":51,"column":19}},"51":{"start":{"line":52,"column":0},"end":{"line":52,"column":14}},"52":{"start":{"line":53,"column":0},"end":{"line":53,"column":12}},"53":{"start":{"line":54,"column":0},"end":{"line":54,"column":496}},"54":{"start":{"line":55,"column":0},"end":{"line":55,"column":20}},"55":{"start":{"line":56,"column":0},"end":{"line":56,"column":11}},"56":{"start":{"line":57,"column":0},"end":{"line":57,"column":12}},"57":{"start":{"line":58,"column":0},"end":{"line":58,"column":13}},"58":{"start":{"line":59,"column":0},"end":{"line":59,"column":14}},"59":{"start":{"line":60,"column":0},"end":{"line":60,"column":35}},"60":{"start":{"line":61,"column":0},"end":{"line":61,"column":18}},"61":{"start":{"line":62,"column":0},"end":{"line":62,"column":24}},"62":{"start":{"line":63,"column":0},"end":{"line":63,"column":28}},"63":{"start":{"line":64,"column":0},"end":{"line":64,"column":19}},"64":{"start":{"line":65,"column":0},"end":{"line":65,"column":17}},"65":{"start":{"line":66,"column":0},"end":{"line":66,"column":104}},"66":{"start":{"line":67,"column":0},"end":{"line":67,"column":79}},"67":{"start":{"line":68,"column":0},"end":{"line":68,"column":67}},"68":{"start":{"line":69,"column":0},"end":{"line":69,"column":28}},"69":{"start":{"line":70,"column":0},"end":{"line":70,"column":59}},"70":{"start":{"line":71,"column":0},"end":{"line":71,"column":10}},"71":{"start":{"line":72,"column":0},"end":{"line":72,"column":6}},"72":{"start":{"line":73,"column":0},"end":{"line":73,"column":13}},"73":{"start":{"line":74,"column":0},"end":{"line":74,"column":20}},"74":{"start":{"line":75,"column":0},"end":{"line":75,"column":28}},"75":{"start":{"line":76,"column":0},"end":{"line":76,"column":41}},"76":{"start":{"line":77,"column":0},"end":{"line":77,"column":204}},"77":{"start":{"line":78,"column":0},"end":{"line":78,"column":7}},"78":{"start":{"line":79,"column":0},"end":{"line":79,"column":6}},"79":{"start":{"line":80,"column":0},"end":{"line":80,"column":108}},"80":{"start":{"line":81,"column":0},"end":{"line":81,"column":20}},"81":{"start":{"line":82,"column":0},"end":{"line":82,"column":12}},"82":{"start":{"line":83,"column":0},"end":{"line":83,"column":6}},"83":{"start":{"line":84,"column":0},"end":{"line":84,"column":45}},"84":{"start":{"line":85,"column":0},"end":{"line":85,"column":185}},"85":{"start":{"line":86,"column":0},"end":{"line":86,"column":12}},"86":{"start":{"line":87,"column":0},"end":{"line":87,"column":17}},"87":{"start":{"line":88,"column":0},"end":{"line":88,"column":172}},"88":{"start":{"line":89,"column":0},"end":{"line":89,"column":12}},"89":{"start":{"line":90,"column":0},"end":{"line":90,"column":17}},"90":{"start":{"line":91,"column":0},"end":{"line":91,"column":12}},"91":{"start":{"line":92,"column":0},"end":{"line":92,"column":10}},"92":{"start":{"line":93,"column":0},"end":{"line":93,"column":1540}},"93":{"start":{"line":94,"column":0},"end":{"line":94,"column":456}},"94":{"start":{"line":95,"column":0},"end":{"line":95,"column":20}},"95":{"start":{"line":96,"column":0},"end":{"line":96,"column":11}},"96":{"start":{"line":97,"column":0},"end":{"line":97,"column":12}},"97":{"start":{"line":98,"column":0},"end":{"line":98,"column":13}},"98":{"start":{"line":99,"column":0},"end":{"line":99,"column":14}},"99":{"start":{"line":100,"column":0},"end":{"line":100,"column":35}},"100":{"start":{"line":101,"column":0},"end":{"line":101,"column":18}},"101":{"start":{"line":102,"column":0},"end":{"line":102,"column":24}},"102":{"start":{"line":103,"column":0},"end":{"line":103,"column":28}},"103":{"start":{"line":104,"column":0},"end":{"line":104,"column":19}},"104":{"start":{"line":105,"column":0},"end":{"line":105,"column":17}},"105":{"start":{"line":106,"column":0},"end":{"line":106,"column":104}},"106":{"start":{"line":107,"column":0},"end":{"line":107,"column":80}},"107":{"start":{"line":108,"column":0},"end":{"line":108,"column":81}},"108":{"start":{"line":109,"column":0},"end":{"line":109,"column":66}},"109":{"start":{"line":110,"column":0},"end":{"line":110,"column":173}},"110":{"start":{"line":111,"column":0},"end":{"line":111,"column":15}},"111":{"start":{"line":112,"column":0},"end":{"line":112,"column":17}},"112":{"start":{"line":113,"column":0},"end":{"line":113,"column":178}},"113":{"start":{"line":114,"column":0},"end":{"line":114,"column":15}},"114":{"start":{"line":115,"column":0},"end":{"line":115,"column":17}},"115":{"start":{"line":116,"column":0},"end":{"line":116,"column":12}},"116":{"start":{"line":117,"column":0},"end":{"line":117,"column":186}},"117":{"start":{"line":118,"column":0},"end":{"line":118,"column":10}},"118":{"start":{"line":119,"column":0},"end":{"line":119,"column":15}},"119":{"start":{"line":120,"column":0},"end":{"line":120,"column":10}},"120":{"start":{"line":121,"column":0},"end":{"line":121,"column":1387}}},"s":{"0":0,"1":0,"2":0,"3":0,"4":0,"5":0,"6":0,"7":0,"8":0,"9":0,"10":0,"11":0,"12":0,"13":0,"15":0,"16":0,"17":0,"18":0,"19":0,"20":0,"21":0,"22":0,"23":0,"24":0,"25":0,"26":0,"27":0,"28":0,"29":0,"30":0,"31":0,"32":0,"33":0,"34":0,"35":0,"36":0,"37":0,"38":0,"39":0,"41":0,"42":0,"43":0,"44":0,"45":0,"46":0,"47":0,"48":0,"49":0,"50":0,"51":0,"52":0,"53":0,"54":0,"55":0,"56":0,"57":0,"58":0,"59":0,"60":0,"61":0,"62":0,"63":0,"64":0,"65":0,"66":0,"67":0,"68":0,"69":0,"70":0,"71":0,"72":0,"73":0,"74":0,"75":0,"76":0,"77":0,"78":0,"79":0,"80":0,"81":0,"82":0,"83":0,"84":0,"85":0,"86":0,"87":0,"88":0,"89":0,"90":0,"91":0,"92":0,"93":0,"94":0,"95":0,"96":0,"97":0,"98":0,"99":0,"100":0,"101":0,"102":0,"103":0,"104":0,"105":0,"106":0,"107":0,"108":0,"109":0,"110":0,"111":0,"112":0,"113":0,"114":0,"115":0,"116":0,"117":0,"118":0,"119":0,"120":0},"branchMap":{"0":{"type":"branch","line":1,"loc":{"start":{"line":1,"column":0},"end":{"line":121,"column":1047}},"locations":[{"start":{"line":1,"column":0},"end":{"line":121,"column":1047}}]}},"b":{"0":[0]},"fnMap":{"0":{"name":"(empty-report)","decl":{"start":{"line":1,"column":0},"end":{"line":121,"column":1047}},"loc":{"start":{"line":1,"column":0},"end":{"line":121,"column":1047}},"line":1}},"f":{"0":0}},"D:\\Code\\Working\\bilibili-block\\src\\core\\protocol.ts":{"path":"D:\\Code\\Working\\bilibili-block\\src\\core\\protocol.ts","all":true,"statementMap":{},"s":{},"branchMap":{"0":{"type":"branch","line":1,"loc":{"start":{"line":1,"column":787},"end":{"line":31,"column":1}},"locations":[{"start":{"line":1,"column":787},"end":{"line":31,"column":1}}]}},"b":{"0":[1]},"fnMap":{"0":{"name":"(empty-report)","decl":{"start":{"line":1,"column":787},"end":{"line":31,"column":1}},"loc":{"start":{"line":1,"column":787},"end":{"line":31,"column":1}},"line":1}},"f":{"0":1}},"D:\\Code\\Working\\bilibili-block\\dist\\assets\\index.html-CyHwn1EF.js":{"path":"D:\\Code\\Working\\bilibili-block\\dist\\assets\\index.html-CyHwn1EF.js","all":true,"statementMap":{"0":{"start":{"line":1,"column":0},"end":{"line":1,"column":822}}},"s":{"0":0},"branchMap":{"0":{"type":"branch","line":1,"loc":{"start":{"line":1,"column":0},"end":{"line":1,"column":605}},"locations":[{"start":{"line":1,"column":0},"end":{"line":1,"column":605}}]}},"b":{"0":[0]},"fnMap":{"0":{"name":"(empty-report)","decl":{"start":{"line":1,"column":0},"end":{"line":1,"column":605}},"loc":{"start":{"line":1,"column":0},"end":{"line":1,"column":605}},"line":1}},"f":{"0":0}},"D:\\Code\\Working\\bilibili-block\\dist\\assets\\index.html-K05a7Lo9.js":{"path":"D:\\Code\\Working\\bilibili-block\\dist\\assets\\index.html-K05a7Lo9.js","all":true,"statementMap":{"0":{"start":{"line":1,"column":0},"end":{"line":1,"column":5599}},"1":{"start":{"line":2,"column":0},"end":{"line":2,"column":12079}}},"s":{"0":0,"1":0},"branchMap":{"0":{"type":"branch","line":1,"loc":{"start":{"line":1,"column":0},"end":{"line":2,"column":9301}},"locations":[{"start":{"line":1,"column":0},"end":{"line":2,"column":9301}}]}},"b":{"0":[0]},"fnMap":{"0":{"name":"(empty-report)","decl":{"start":{"line":1,"column":0},"end":{"line":2,"column":9301}},"loc":{"start":{"line":1,"column":0},"end":{"line":2,"column":9301}},"line":1}},"f":{"0":0}},"D:\\Code\\Working\\bilibili-block\\dist\\assets\\constants-Bb5CXbty.js":{"path":"D:\\Code\\Working\\bilibili-block\\dist\\assets\\constants-Bb5CXbty.js","all":true,"statementMap":{"0":{"start":{"line":1,"column":0},"end":{"line":1,"column":1098}}},"s":{"0":0},"branchMap":{"0":{"type":"branch","line":1,"loc":{"start":{"line":1,"column":1098},"end":{"line":1,"column":1098}},"locations":[{"start":{"line":1,"column":1098},"end":{"line":1,"column":1098}}]}},"b":{"0":[0]},"fnMap":{"0":{"name":"(empty-report)","decl":{"start":{"line":1,"column":1098},"end":{"line":1,"column":1098}},"loc":{"start":{"line":1,"column":1098},"end":{"line":1,"column":1098}},"line":1}},"f":{"0":0}},"D:\\Code\\Working\\bilibili-block\\dist\\assets\\chunk-QIZ4XBKF-DA9Euktn.js":{"path":"D:\\Code\\Working\\bilibili-block\\dist\\assets\\chunk-QIZ4XBKF-DA9Euktn.js","all":true,"statementMap":{"0":{"start":{"line":1,"column":0},"end":{"line":1,"column":16981}}},"s":{"0":0},"branchMap":{"0":{"type":"branch","line":1,"loc":{"start":{"line":1,"column":16981},"end":{"line":1,"column":16981}},"locations":[{"start":{"line":1,"column":16981},"end":{"line":1,"column":16981}}]}},"b":{"0":[0]},"fnMap":{"0":{"name":"(empty-report)","decl":{"start":{"line":1,"column":16981},"end":{"line":1,"column":16981}},"loc":{"start":{"line":1,"column":16981},"end":{"line":1,"column":16981}},"line":1}},"f":{"0":0}},"D:\\Code\\Working\\bilibili-block\\dist\\assets\\client-Bg-huE2e.js":{"path":"D:\\Code\\Working\\bilibili-block\\dist\\assets\\client-Bg-huE2e.js","all":true,"statementMap":{"0":{"start":{"line":1,"column":0},"end":{"line":1,"column":819}},"1":{"start":{"line":2,"column":0},"end":{"line":2,"column":17}},"2":{"start":{"line":3,"column":0},"end":{"line":3,"column":26}},"3":{"start":{"line":4,"column":0},"end":{"line":4,"column":2}},"4":{"start":{"line":5,"column":0},"end":{"line":5,"column":51}},"5":{"start":{"line":6,"column":0},"end":{"line":6,"column":2}},"6":{"start":{"line":7,"column":0},"end":{"line":7,"column":66}},"7":{"start":{"line":8,"column":0},"end":{"line":8,"column":58}},"8":{"start":{"line":9,"column":0},"end":{"line":9,"column":6636}},"9":{"start":{"line":10,"column":0},"end":{"line":10,"column":17}},"10":{"start":{"line":11,"column":0},"end":{"line":11,"column":38}},"11":{"start":{"line":12,"column":0},"end":{"line":12,"column":2}},"12":{"start":{"line":13,"column":0},"end":{"line":13,"column":51}},"13":{"start":{"line":14,"column":0},"end":{"line":14,"column":2}},"14":{"start":{"line":15,"column":0},"end":{"line":15,"column":66}},"15":{"start":{"line":16,"column":0},"end":{"line":16,"column":58}},"16":{"start":{"line":17,"column":0},"end":{"line":17,"column":813}},"17":{"start":{"line":18,"column":0},"end":{"line":18,"column":17}},"18":{"start":{"line":19,"column":0},"end":{"line":19,"column":30}},"19":{"start":{"line":20,"column":0},"end":{"line":20,"column":2}},"20":{"start":{"line":21,"column":0},"end":{"line":21,"column":51}},"21":{"start":{"line":22,"column":0},"end":{"line":22,"column":2}},"22":{"start":{"line":23,"column":0},"end":{"line":23,"column":66}},"23":{"start":{"line":24,"column":0},"end":{"line":24,"column":58}},"24":{"start":{"line":25,"column":0},"end":{"line":25,"column":4024}},"25":{"start":{"line":26,"column":0},"end":{"line":26,"column":17}},"26":{"start":{"line":27,"column":0},"end":{"line":27,"column":30}},"27":{"start":{"line":28,"column":0},"end":{"line":28,"column":2}},"28":{"start":{"line":29,"column":0},"end":{"line":29,"column":51}},"29":{"start":{"line":30,"column":0},"end":{"line":30,"column":2}},"30":{"start":{"line":31,"column":0},"end":{"line":31,"column":66}},"31":{"start":{"line":32,"column":0},"end":{"line":32,"column":58}},"32":{"start":{"line":33,"column":0},"end":{"line":33,"column":6101}},"33":{"start":{"line":34,"column":0},"end":{"line":34,"column":507}},"34":{"start":{"line":35,"column":0},"end":{"line":35,"column":20}},"35":{"start":{"line":36,"column":0},"end":{"line":36,"column":153}},"36":{"start":{"line":37,"column":0},"end":{"line":37,"column":37517}},"37":{"start":{"line":38,"column":0},"end":{"line":38,"column":27949}},"38":{"start":{"line":39,"column":0},"end":{"line":39,"column":37}},"39":{"start":{"line":40,"column":0},"end":{"line":40,"column":58095}}},"s":{"0":0,"1":0,"2":0,"3":0,"4":0,"5":0,"6":0,"7":0,"8":0,"9":0,"10":0,"11":0,"12":0,"13":0,"14":0,"15":0,"16":0,"17":0,"18":0,"19":0,"20":0,"21":0,"22":0,"23":0,"24":0,"25":0,"26":0,"27":0,"28":0,"29":0,"30":0,"31":0,"32":0,"33":0,"34":0,"35":0,"36":0,"37":0,"38":0,"39":0},"branchMap":{"0":{"type":"branch","line":1,"loc":{"start":{"line":1,"column":143618},"end":{"line":40,"column":58095}},"locations":[{"start":{"line":1,"column":143618},"end":{"line":40,"column":58095}}]}},"b":{"0":[0]},"fnMap":{"0":{"name":"(empty-report)","decl":{"start":{"line":1,"column":143618},"end":{"line":40,"column":58095}},"loc":{"start":{"line":1,"column":143618},"end":{"line":40,"column":58095}},"line":1}},"f":{"0":0}},"D:\\Code\\Working\\bilibili-block\\src\\core\\types\\index.ts":{"path":"D:\\Code\\Working\\bilibili-block\\src\\core\\types\\index.ts","all":true,"statementMap":{},"s":{},"branchMap":{"0":{"type":"branch","line":1,"loc":{"start":{"line":1,"column":4197},"end":{"line":180,"column":1}},"locations":[{"start":{"line":1,"column":4197},"end":{"line":180,"column":1}}]}},"b":{"0":[1]},"fnMap":{"0":{"name":"(empty-report)","decl":{"start":{"line":1,"column":4197},"end":{"line":180,"column":1}},"loc":{"start":{"line":1,"column":4197},"end":{"line":180,"column":1}},"line":1}},"f":{"0":1}}}}